<?xml version="1.0" encoding="UTF-8"?>
<!-- Generated by org.testng.reporters.JUnitXMLReporter -->
<testsuite hostname="DESKTOP-ES8HU3L" ignored="0" name="NBC_PoC_JAVA" tests="11" failures="0" timestamp="21 Apr 2018 15:49:36 GMT" time="206.211" errors="0">
  <testcase name="tc002" time="51.047" classname="com.nbc.testscripts.demo.NBC_Demo"/>
  <testcase name="tc001" time="59.199" classname="com.nbc.testscripts.demo.NBC_Demo"/>
  <testcase name="tc004" time="12.929" classname="com.nbc.testscripts.demo.NBC_Demo"/>
  <testcase name="tc005" time="13.147" classname="com.nbc.testscripts.demo.NBC_Demo"/>
  <testcase name="tc006" time="13.875" classname="com.nbc.testscripts.demo.NBC_Demo"/>
  <testcase name="tc007" time="20.294" classname="com.nbc.testscripts.demo.NBC_Demo"/>
  <testcase name="tc003" time="93.578" classname="com.nbc.testscripts.demo.NBC_Demo"/>
  <testcase name="tc008" time="11.654" classname="com.nbc.testscripts.demo.NBC_Demo"/>
  <testcase name="tc009" time="24.782" classname="com.nbc.testscripts.demo.NBC_Demo"/>
  <testcase name="tc010" time="29.323" classname="com.nbc.testscripts.demo.NBC_Demo"/>
  <testcase name="tc011" time="22.685" classname="com.nbc.testscripts.demo.NBC_Demo"/>
</testsuite> <!-- NBC_PoC_JAVA -->
