<?xml version="1.0" encoding="UTF-8"?>
<testng-results skipped="0" failed="0" ignored="0" total="11" passed="11">
  <reporter-output>
    <line>
      <![CDATA[<div class="test-event"> <font color="maroon"> <small> &emsp; &emsp;--- 21 Apr 16:46:14 951 - <b>4</b> - Driver::Get - com.nbc.support.WebDriverFactory.get(WebDriverFactory.java:335)</small> </font> </div>]]>
    </line>
    <line>
      <![CDATA[<div class="test-event"> <font color="maroon"> <small> &emsp; &emsp;--- 21 Apr 16:46:14 951 - <b>4</b> - Driver::Get - com.nbc.support.WebDriverFactory.get(WebDriverFactory.java:335)</small> </font> </div>]]>
    </line>
    <line>
      <![CDATA[&emsp;<div class="test-title"> <strong><font size = "3" color = "#000080">Top stories playback- with pre roll[chrome_windows || NBC-NEWYORK ]</font> </strong> </div>&emsp;<div><strong>Steps:</strong></div><!-- Report -->&emsp;]]>
    </line>
    <line>
      <![CDATA[&emsp;<div class="test-title"> <strong><font size = "3" color = "#000080">Logo is clickable[chrome_windows || NBC-NEWYORK ]</font> </strong> </div>&emsp;<div><strong>Steps:</strong></div><!-- Report -->&emsp;]]>
    </line>
    <line>
      <![CDATA[<div class="test-event"> <font color="maroon"> <small> &emsp; &emsp;--- 21 Apr 16:46:15 710 - Page URL:: data:,</small> </font> </div>]]>
    </line>
    <line>
      <![CDATA[<div class="test-event"> <font color="maroon"> <small> &emsp; &emsp;--- 21 Apr 16:46:15 711 - Page URL:: data:,</small> </font> </div>]]>
    </line>
    <line>
      <![CDATA[<div class="test-event"> <font color="maroon"> <small> &emsp; &emsp;--- 21 Apr 16:46:15 711 - <b>0</b> - Page Load Wait: (Sync) - com.nbc.support.Utils.waitForPageLoad(Utils.java:71)</small> </font> </div>]]>
    </line>
    <line>
      <![CDATA[<div class="test-event"> <font color="maroon"> <small> &emsp; &emsp;--- 21 Apr 16:46:15 711 - <b>0</b> - Page Load Wait: (Sync) - com.nbc.support.Utils.waitForPageLoad(Utils.java:71)</small> </font> </div>]]>
    </line>
    <line>
      <![CDATA[<div class="test-event"> <font color="maroon"> <small> &emsp; &emsp;--- 21 Apr 16:46:28 967 - Page URL:: https://www.nbcnewyork.com/</small> </font> </div>]]>
    </line>
    <line>
      <![CDATA[<div class="test-event"> <font color="maroon"> <small> &emsp; &emsp;--- 21 Apr 16:46:28 968 - <b>0</b> - Page Load Wait: (Sync) - com.nbc.support.Utils.waitForPageLoad(Utils.java:71)</small> </font> </div>]]>
    </line>
    <line>
      <![CDATA[<div class="test-event"> <font color="maroon"> <small> &emsp; &emsp;--- 21 Apr 16:46:30 196 - Element is displayed:: [[RemoteWebDriver: chrome on XP (f6b7c630-1e34-4086-ad36-95dd9dcde835)] -> css selector: li[class*='News'] a[lid*='News']]</small> </font> </div>]]>
    </line>
    <line>
      <![CDATA[<div class="test-event"> <font color="maroon"> <small> &emsp; &emsp;--- 21 Apr 16:46:30 467 - Page URL:: https://www.nbcnewyork.com/</small> </font> </div>]]>
    </line>
    <line>
      <![CDATA[<div class="test-event"> <font color="maroon"> <small> &emsp; &emsp;--- 21 Apr 16:46:30 468 - <b>0</b> - Page Load Wait: (Sync) - com.nbc.support.Utils.waitForPageLoad(Utils.java:71)</small> </font> </div>]]>
    </line>
    <line>
      <![CDATA[<div class="test-event"> <font color="maroon"> <small> &emsp; &emsp;--- 21 Apr 16:46:30 578 - Page URL:: https://www.nbcnewyork.com/</small> </font> </div>]]>
    </line>
    <line>
      <![CDATA[<div class="test-event"> <font color="maroon"> <small> &emsp; &emsp;--- 21 Apr 16:46:30 583 - <b>0</b> - Page Load Wait: (Sync) - com.nbc.support.Utils.waitForPageLoad(Utils.java:71)</small> </font> </div>]]>
    </line>
    <line>
      <![CDATA[<div class="test-event"> <font color="maroon"> <small> &emsp; &emsp;--- 21 Apr 16:46:31 351 - Page URL:: https://www.nbcnewyork.com/</small> </font> </div>]]>
    </line>
    <line>
      <![CDATA[<div class="test-event"> <font color="maroon"> <small> &emsp; &emsp;--- 21 Apr 16:46:31 352 - <b>0</b> - Page Load Wait: (Sync) - com.nbc.support.Utils.waitForPageLoad(Utils.java:71)</small> </font> </div>]]>
    </line>
    <line>
      <![CDATA[<div class="test-event"> <font color="maroon"> <small> &emsp; &emsp;--- 21 Apr 16:46:32 200 - Element is displayed:: [[RemoteWebDriver: chrome on XP (2b232d23-596f-4087-b194-8632453e256f)] -> css selector: li[class*='News'] a[lid*='News']]</small> </font> </div>]]>
    </line>
    <line>
      <![CDATA[<div class="test-event"> <font color="maroon"> <small> &emsp; &emsp;--- 21 Apr 16:46:32 451 - Element is displayed:: [[RemoteWebDriver: chrome on XP (f6b7c630-1e34-4086-ad36-95dd9dcde835)] -> css selector: li[class*='News'] a[lid*='News']]</small> </font> </div>]]>
    </line>
    <line>
      <![CDATA[<div class="test-message">&emsp;Step 1. Navigated to 'NBC-NewYork' Home Page!</div>]]>
    </line>
    <line>
      <![CDATA[<div class="test-event"> <font color="maroon"> <small> &emsp; &emsp;--- 21 Apr 16:46:32 872 - Element is displayed:: [[RemoteWebDriver: chrome on XP (f6b7c630-1e34-4086-ad36-95dd9dcde835)] -> css selector: div[class='top-stories'] div[class='story'] div[class='headline'] a div[class='headline-tag']]</small> </font> </div>]]>
    </line>
    <line>
      <![CDATA[<div class="test-event"> <font color="maroon"> <small> &emsp; &emsp;--- 21 Apr 16:46:33 217 - Page URL:: https://www.nbcnewyork.com/</small> </font> </div>]]>
    </line>
    <line>
      <![CDATA[<div class="test-event"> <font color="maroon"> <small> &emsp; &emsp;--- 21 Apr 16:46:33 218 - <b>1</b> - Page Load Wait: (Sync) - com.nbc.support.Utils.waitForPageLoad(Utils.java:71)</small> </font> </div>]]>
    </line>
    <line>
      <![CDATA[<div class="test-event"> <font color="maroon"> <small> &emsp; &emsp;--- 21 Apr 16:46:33 490 - Page URL:: https://www.nbcnewyork.com/</small> </font> </div>]]>
    </line>
    <line>
      <![CDATA[<div class="test-event"> <font color="maroon"> <small> &emsp; &emsp;--- 21 Apr 16:46:33 492 - <b>0</b> - Page Load Wait: (Sync) - com.nbc.support.Utils.waitForPageLoad(Utils.java:71)</small> </font> </div>]]>
    </line>
    <line>
      <![CDATA[<div class="test-event"> <font color="maroon"> <small> &emsp; &emsp;--- 21 Apr 16:46:34 015 - Element is displayed:: [[RemoteWebDriver: chrome on XP (2b232d23-596f-4087-b194-8632453e256f)] -> css selector: li[class*='News'] a[lid*='News']]</small> </font> </div>]]>
    </line>
    <line>
      <![CDATA[<div class="test-message">&emsp;Step 1. Navigated to 'NBC-NewYork' Home Page!</div>]]>
    </line>
    <line>
      <![CDATA[<div class="test-event"> <font color="maroon"> <small> &emsp; &emsp;--- 21 Apr 16:46:34 514 - <b>0</b> - Validating Brand Logo... - com.nbc.pages.HomePage.validateLogo(HomePage.java:392)</small> </font> </div>]]>
    </line>
    <line>
      <![CDATA[<div class="test-result"><br><font color="green"><strong> Validation 1: Branding Logo available as expected! </strong></font> <a href=".\ScreenShot\tc001_1.png" target="_blank" >[ScreenShot]</a></div>&emsp;]]>
    </line>
    <line>
      <![CDATA[<div class="test-event"> <font color="maroon"> <small> &emsp; &emsp;--- 21 Apr 16:46:36 881 - Page URL:: https://www.nbcnewyork.com/</small> </font> </div>]]>
    </line>
    <line>
      <![CDATA[<div class="test-event"> <font color="maroon"> <small> &emsp; &emsp;--- 21 Apr 16:46:36 882 - <b>0</b> - Page Load Wait: (Sync) - com.nbc.support.Utils.waitForPageLoad(Utils.java:71)</small> </font> </div>]]>
    </line>
    <line>
      <![CDATA[<div class="test-event"> <font color="maroon"> <small> &emsp; &emsp;--- 21 Apr 16:46:47 848 - <b>26003</b> - Clicked on News link.. - com.nbc.support.Log.assertThatForEvent(Log.java:852)</small> </font> </div>]]>
    </line>
    <line>
      <![CDATA[<div class="test-message">&emsp;Step 2. Navigated to 'News' Page!</div>]]>
    </line>
    <line>
      <![CDATA[<div class="test-event"> <font color="maroon"> <small> &emsp; &emsp;--- 21 Apr 16:46:48 121 - <b>0</b> - Validating Brand Logo... - com.nbc.pages.HomePage.validateLogo(HomePage.java:392)</small> </font> </div>]]>
    </line>
    <line>
      <![CDATA[<div class="test-result"><br><font color="green"><strong> Validation 2: Branding Logo available as expected! </strong></font> <a href=".\ScreenShot\tc001_2.png" target="_blank" >[ScreenShot]</a></div>&emsp;]]>
    </line>
    <line>
      <![CDATA[<div class="test-event"> <font color="maroon"> <small> &emsp; &emsp;--- 21 Apr 16:46:49 348 - Element is displayed:: [[RemoteWebDriver: chrome on XP (2b232d23-596f-4087-b194-8632453e256f)] -> css selector: div[class='brand'] a[data-lid='logo'] img]</small> </font> </div>]]>
    </line>
    <line>
      <![CDATA[<div class="test-event"> <font color="maroon"> <small> &emsp; &emsp;--- 21 Apr 16:46:54 268 - <b>21</b> - Clicked first article with Video on Top Section - com.nbc.pages.HomePage.clickOnFirstArticleWithVideo_OnTopSection(HomePage.java:297)</small> </font> </div>]]>
    </line>
    <line>
      <![CDATA[<div class="test-event"> <font color="maroon"> <small> &emsp; &emsp;--- 21 Apr 16:46:54 517 - Page URL:: https://www.nbcnewyork.com/investigations/actress-allison-mack-arrested-nxivm-sex-cult-480387783.html</small> </font> </div>]]>
    </line>
    <line>
      <![CDATA[<div class="test-event"> <font color="maroon"> <small> &emsp; &emsp;--- 21 Apr 16:46:54 518 - <b>0</b> - Page Load Wait: (Sync) - com.nbc.support.Utils.waitForPageLoad(Utils.java:71)</small> </font> </div>]]>
    </line>
    <line>
      <![CDATA[<div class="test-event"> <font color="maroon"> <small> &emsp; &emsp;--- 21 Apr 16:46:54 838 - Element is displayed:: [[RemoteWebDriver: chrome on XP (f6b7c630-1e34-4086-ad36-95dd9dcde835)] -> css selector: i[class='fa fa-facebook fa-stack-1x fa-inverse']]</small> </font> </div>]]>
    </line>
    <line>
      <![CDATA[<div class="test-event"> <font color="maroon"> <small> &emsp; &emsp;--- 21 Apr 16:46:55 082 - Page URL:: https://www.nbcnewyork.com/investigations/actress-allison-mack-arrested-nxivm-sex-cult-480387783.html</small> </font> </div>]]>
    </line>
    <line>
      <![CDATA[<div class="test-event"> <font color="maroon"> <small> &emsp; &emsp;--- 21 Apr 16:46:55 083 - <b>0</b> - Page Load Wait: (Sync) - com.nbc.support.Utils.waitForPageLoad(Utils.java:71)</small> </font> </div>]]>
    </line>
    <line>
      <![CDATA[<div class="test-event"> <font color="maroon"> <small> &emsp; &emsp;--- 21 Apr 16:46:55 418 - Page URL:: https://www.nbcnewyork.com/investigations/actress-allison-mack-arrested-nxivm-sex-cult-480387783.html</small> </font> </div>]]>
    </line>
    <line>
      <![CDATA[<div class="test-event"> <font color="maroon"> <small> &emsp; &emsp;--- 21 Apr 16:46:55 422 - <b>0</b> - Page Load Wait: (Sync) - com.nbc.support.Utils.waitForPageLoad(Utils.java:71)</small> </font> </div>]]>
    </line>
    <line>
      <![CDATA[<div class="test-event"> <font color="maroon"> <small> &emsp; &emsp;--- 21 Apr 16:46:56 282 - Element is displayed:: [[RemoteWebDriver: chrome on XP (f6b7c630-1e34-4086-ad36-95dd9dcde835)] -> css selector: i[class='fa fa-facebook fa-stack-1x fa-inverse']]</small> </font> </div>]]>
    </line>
    <line>
      <![CDATA[<div class="test-message">&emsp;Step 2. Navigated to First Article with Video on Top Section!</div>]]>
    </line>
    <line>
      <![CDATA[<div class="test-event"> <font color="maroon"> <small> &emsp; &emsp;--- 21 Apr 16:46:59 430 - Element is displayed:: [[RemoteWebDriver: chrome on XP (f6b7c630-1e34-4086-ad36-95dd9dcde835)] -> css selector: i[class='fa fa-facebook fa-stack-1x fa-inverse']]</small> </font> </div>]]>
    </line>
    <line>
      <![CDATA[<div class="test-event"> <font color="maroon"> <small> &emsp; &emsp;--- 21 Apr 16:47:01 044 - <b>4</b> - Validating Article Video Player... - com.nbc.pages.ArticlePage.validateArticleVideoPlayer(ArticlePage.java:111)</small> </font> </div>]]>
    </line>
    <line>
      <![CDATA[<div class="test-result"><br><font color="green"><strong> Validation 1: Validated Article Video Player! </strong></font> <a href=".\ScreenShot\tc002_3.png" target="_blank" >[ScreenShot]</a></div>&emsp;]]>
    </line>
    <line>
      <![CDATA[<div class="test-result"><br><font color="green"><strong> Test Passed. </strong></font> <a href=".\ScreenShot\tc002_4.png" target="_blank" >[ScreenShot]</a></div>&emsp;]]>
    </line>
    <line>
      <![CDATA[<div class="test-result"><br><font color="green"><strong> Test Passed.  </strong></font> </div>&emsp;]]>
    </line>
    <line>
      <![CDATA[<div class="test-event"> <font color="maroon"> <small> &emsp; &emsp;--- 21 Apr 16:47:09 316 - <b>3</b> - Driver::Get - com.nbc.support.WebDriverFactory.get(WebDriverFactory.java:335)</small> </font> </div>]]>
    </line>
    <line>
      <![CDATA[&emsp;<div class="test-title"> <strong><font size = "3" color = "#000080">Weather module appears on HP and map loads[chrome_windows || NBC-NEWYORK ]</font> </strong> </div>&emsp;<div><strong>Steps:</strong></div><!-- Report -->&emsp;]]>
    </line>
    <line>
      <![CDATA[<div class="test-event"> <font color="maroon"> <small> &emsp; &emsp;--- 21 Apr 16:47:09 470 - <b>38494</b> - Clicked on Home link.. - com.nbc.support.Log.assertThatForEvent(Log.java:852)</small> </font> </div>]]>
    </line>
    <line>
      <![CDATA[<div class="test-message">&emsp;Step 3. Clicked on Brand Logo!</div>]]>
    </line>
    <line>
      <![CDATA[<div class="test-event"> <font color="maroon"> <small> &emsp; &emsp;--- 21 Apr 16:47:09 497 - Page URL:: data:,</small> </font> </div>]]>
    </line>
    <line>
      <![CDATA[<div class="test-event"> <font color="maroon"> <small> &emsp; &emsp;--- 21 Apr 16:47:09 497 - <b>0</b> - Page Load Wait: (Sync) - com.nbc.support.Utils.waitForPageLoad(Utils.java:71)</small> </font> </div>]]>
    </line>
    <line>
      <![CDATA[<div class="test-event"> <font color="maroon"> <small> &emsp; &emsp;--- 21 Apr 16:47:09 587 - <b>0</b> - Validating Home Page... - com.nbc.pages.HomePage.validateHomePage(HomePage.java:409)</small> </font> </div>]]>
    </line>
    <line>
      <![CDATA[<div class="test-result"><br><font color="green"><strong> Validation 3: Navigated to Home Page as expected! </strong></font> <a href=".\ScreenShot\tc001_5.png" target="_blank" >[ScreenShot]</a></div>&emsp;]]>
    </line>
    <line>
      <![CDATA[<div class="test-event"> <font color="maroon"> <small> &emsp; &emsp;--- 21 Apr 16:47:10 774 - <b>0</b> - Validating Brand Logo... - com.nbc.pages.HomePage.validateLogo(HomePage.java:392)</small> </font> </div>]]>
    </line>
    <line>
      <![CDATA[<div class="test-result"><br><font color="green"><strong> Validation 4: Branding Logo available as expected! </strong></font> <a href=".\ScreenShot\tc001_6.png" target="_blank" >[ScreenShot]</a></div>&emsp;]]>
    </line>
    <line>
      <![CDATA[<div class="test-result"><br><font color="green"><strong> Test Passed. </strong></font> <a href=".\ScreenShot\tc001_7.png" target="_blank" >[ScreenShot]</a></div>&emsp;]]>
    </line>
    <line>
      <![CDATA[<div class="test-result"><br><font color="green"><strong> Test Passed.  </strong></font> </div>&emsp;]]>
    </line>
    <line>
      <![CDATA[<div class="test-event"> <font color="maroon"> <small> &emsp; &emsp;--- 21 Apr 16:47:14 302 - Page URL:: https://www.nbcnewyork.com/</small> </font> </div>]]>
    </line>
    <line>
      <![CDATA[<div class="test-event"> <font color="maroon"> <small> &emsp; &emsp;--- 21 Apr 16:47:14 303 - <b>0</b> - Page Load Wait: (Sync) - com.nbc.support.Utils.waitForPageLoad(Utils.java:71)</small> </font> </div>]]>
    </line>
    <line>
      <![CDATA[<div class="test-event"> <font color="maroon"> <small> &emsp; &emsp;--- 21 Apr 16:47:14 541 - Element is displayed:: [[RemoteWebDriver: chrome on XP (30e312c3-7659-49fc-bef6-4ecadeac1548)] -> css selector: li[class*='News'] a[lid*='News']]</small> </font> </div>]]>
    </line>
    <line>
      <![CDATA[<div class="test-event"> <font color="maroon"> <small> &emsp; &emsp;--- 21 Apr 16:47:14 564 - Page URL:: https://www.nbcnewyork.com/</small> </font> </div>]]>
    </line>
    <line>
      <![CDATA[<div class="test-event"> <font color="maroon"> <small> &emsp; &emsp;--- 21 Apr 16:47:14 564 - <b>0</b> - Page Load Wait: (Sync) - com.nbc.support.Utils.waitForPageLoad(Utils.java:71)</small> </font> </div>]]>
    </line>
    <line>
      <![CDATA[<div class="test-event"> <font color="maroon"> <small> &emsp; &emsp;--- 21 Apr 16:47:14 597 - Page URL:: https://www.nbcnewyork.com/</small> </font> </div>]]>
    </line>
    <line>
      <![CDATA[<div class="test-event"> <font color="maroon"> <small> &emsp; &emsp;--- 21 Apr 16:47:14 598 - <b>0</b> - Page Load Wait: (Sync) - com.nbc.support.Utils.waitForPageLoad(Utils.java:71)</small> </font> </div>]]>
    </line>
    <line>
      <![CDATA[<div class="test-event"> <font color="maroon"> <small> &emsp; &emsp;--- 21 Apr 16:47:14 746 - Element is displayed:: [[RemoteWebDriver: chrome on XP (30e312c3-7659-49fc-bef6-4ecadeac1548)] -> css selector: li[class*='News'] a[lid*='News']]</small> </font> </div>]]>
    </line>
    <line>
      <![CDATA[<div class="test-message">&emsp;Step 1. Navigated to 'NBC-NewYork' Home Page!</div>]]>
    </line>
    <line>
      <![CDATA[<div class="test-event"> <font color="maroon"> <small> &emsp; &emsp;--- 21 Apr 16:47:14 905 - Element is displayed:: [[RemoteWebDriver: chrome on XP (30e312c3-7659-49fc-bef6-4ecadeac1548)] -> css selector: div[class='weather-module-days'] div[class='weather-module-day']]</small> </font> </div>]]>
    </line>
    <line>
      <![CDATA[<div class="test-event"> <font color="maroon"> <small> &emsp; &emsp;--- 21 Apr 16:47:15 321 - <b>0</b> - Validating weatherForDays... - com.nbc.pages.HomePage.validateWeatherForDays(HomePage.java:448)</small> </font> </div>]]>
    </line>
    <line>
      <![CDATA[<div class="test-result"><br><font color="green"><strong> Validation 1: Validated weather details displayed for future three days! </strong></font> <a href=".\ScreenShot\tc003_8.png" target="_blank" >[ScreenShot]</a></div>&emsp;]]>
    </line>
    <line>
      <![CDATA[<div class="test-event"> <font color="maroon"> <small> &emsp; &emsp;--- 21 Apr 16:47:16 683 - Element is displayed:: [[RemoteWebDriver: chrome on XP (30e312c3-7659-49fc-bef6-4ecadeac1548)] -> css selector: div[class='globalRightRail']>div[class='weather-module'], div[class='globalRightRail']>div[class='weather-module-severe']]</small> </font> </div>]]>
    </line>
    <line>
      <![CDATA[<div class="test-event"> <font color="maroon"> <small> &emsp; &emsp;--- 21 Apr 16:47:16 712 - <b>0</b> - Validating Weather Module... - com.nbc.pages.HomePage.validateWeatherModule(HomePage.java:466)</small> </font> </div>]]>
    </line>
    <line>
      <![CDATA[<div class="test-result"><br><font color="green"><strong> Validation 2: Validated Weather Module! </strong></font> <a href=".\ScreenShot\tc003_9.png" target="_blank" >[ScreenShot]</a></div>&emsp;]]>
    </line>
    <line>
      <![CDATA[<div class="test-event"> <font color="maroon"> <small> &emsp; &emsp;--- 21 Apr 16:47:17 749 - <b>3</b> - Driver::Get - com.nbc.support.WebDriverFactory.get(WebDriverFactory.java:335)</small> </font> </div>]]>
    </line>
    <line>
      <![CDATA[&emsp;<div class="test-title"> <strong><font size = "3" color = "#000080">Right rail has Spredfast[chrome_windows || NBC-NEWYORK ]</font> </strong> </div>&emsp;<div><strong>Steps:</strong></div><!-- Report -->&emsp;]]>
    </line>
    <line>
      <![CDATA[<div class="test-event"> <font color="maroon"> <small> &emsp; &emsp;--- 21 Apr 16:47:17 884 - Page URL:: data:,</small> </font> </div>]]>
    </line>
    <line>
      <![CDATA[<div class="test-event"> <font color="maroon"> <small> &emsp; &emsp;--- 21 Apr 16:47:17 887 - <b>0</b> - Page Load Wait: (Sync) - com.nbc.support.Utils.waitForPageLoad(Utils.java:71)</small> </font> </div>]]>
    </line>
    <line>
      <![CDATA[<div class="test-event"> <font color="maroon"> <small> &emsp; &emsp;--- 21 Apr 16:47:26 738 - Page URL:: https://www.nbcnewyork.com/</small> </font> </div>]]>
    </line>
    <line>
      <![CDATA[<div class="test-event"> <font color="maroon"> <small> &emsp; &emsp;--- 21 Apr 16:47:26 741 - <b>0</b> - Page Load Wait: (Sync) - com.nbc.support.Utils.waitForPageLoad(Utils.java:71)</small> </font> </div>]]>
    </line>
    <line>
      <![CDATA[<div class="test-event"> <font color="maroon"> <small> &emsp; &emsp;--- 21 Apr 16:47:27 197 - Element is displayed:: [[RemoteWebDriver: chrome on XP (02cfb5cf-c42f-48b3-8727-8862875fbb20)] -> css selector: li[class*='News'] a[lid*='News']]</small> </font> </div>]]>
    </line>
    <line>
      <![CDATA[<div class="test-event"> <font color="maroon"> <small> &emsp; &emsp;--- 21 Apr 16:47:27 244 - Page URL:: https://www.nbcnewyork.com/</small> </font> </div>]]>
    </line>
    <line>
      <![CDATA[<div class="test-event"> <font color="maroon"> <small> &emsp; &emsp;--- 21 Apr 16:47:27 245 - <b>0</b> - Page Load Wait: (Sync) - com.nbc.support.Utils.waitForPageLoad(Utils.java:71)</small> </font> </div>]]>
    </line>
    <line>
      <![CDATA[<div class="test-event"> <font color="maroon"> <small> &emsp; &emsp;--- 21 Apr 16:47:27 314 - Page URL:: https://www.nbcnewyork.com/</small> </font> </div>]]>
    </line>
    <line>
      <![CDATA[<div class="test-event"> <font color="maroon"> <small> &emsp; &emsp;--- 21 Apr 16:47:27 314 - <b>0</b> - Page Load Wait: (Sync) - com.nbc.support.Utils.waitForPageLoad(Utils.java:71)</small> </font> </div>]]>
    </line>
    <line>
      <![CDATA[<div class="test-event"> <font color="maroon"> <small> &emsp; &emsp;--- 21 Apr 16:47:27 536 - Element is displayed:: [[RemoteWebDriver: chrome on XP (02cfb5cf-c42f-48b3-8727-8862875fbb20)] -> css selector: li[class*='News'] a[lid*='News']]</small> </font> </div>]]>
    </line>
    <line>
      <![CDATA[<div class="test-message">&emsp;Step 1. Navigated to 'NBC-NewYork' Home Page!</div>]]>
    </line>
    <line>
      <![CDATA[<div class="test-event"> <font color="maroon"> <small> &emsp; &emsp;--- 21 Apr 16:47:27 950 - <b>0</b> - Validating Spredfast Module... - com.nbc.pages.HomePage.validateSpredfastModule(HomePage.java:550)</small> </font> </div>]]>
    </line>
    <line>
      <![CDATA[<div class="test-result"><br><font color="green"><strong> Validation 1: Validated Spredfast Module. Module loaded on Right Rail as expected! </strong></font> <a href=".\ScreenShot\tc004_10.png" target="_blank" >[ScreenShot]</a></div>&emsp;]]>
    </line>
    <line>
      <![CDATA[<div class="test-result"><br><font color="green"><strong> Test Passed. </strong></font> <a href=".\ScreenShot\tc004_11.png" target="_blank" >[ScreenShot]</a></div>&emsp;]]>
    </line>
    <line>
      <![CDATA[<div class="test-result"><br><font color="green"><strong> Test Passed.  </strong></font> </div>&emsp;]]>
    </line>
    <line>
      <![CDATA[<div class="test-event"> <font color="maroon"> <small> &emsp; &emsp;--- 21 Apr 16:47:34 151 - <b>3</b> - Driver::Get - com.nbc.support.WebDriverFactory.get(WebDriverFactory.java:335)</small> </font> </div>]]>
    </line>
    <line>
      <![CDATA[&emsp;<div class="test-title"> <strong><font size = "3" color = "#000080">Feed in spredfast are functioning[chrome_windows || NBC-NEWYORK ]</font> </strong> </div>&emsp;<div><strong>Steps:</strong></div><!-- Report -->&emsp;]]>
    </line>
    <line>
      <![CDATA[<div class="test-event"> <font color="maroon"> <small> &emsp; &emsp;--- 21 Apr 16:47:34 278 - Page URL:: data:,</small> </font> </div>]]>
    </line>
    <line>
      <![CDATA[<div class="test-event"> <font color="maroon"> <small> &emsp; &emsp;--- 21 Apr 16:47:34 279 - <b>0</b> - Page Load Wait: (Sync) - com.nbc.support.Utils.waitForPageLoad(Utils.java:71)</small> </font> </div>]]>
    </line>
    <line>
      <![CDATA[<div class="test-event"> <font color="maroon"> <small> &emsp; &emsp;--- 21 Apr 16:47:42 294 - Page URL:: https://www.nbcnewyork.com/</small> </font> </div>]]>
    </line>
    <line>
      <![CDATA[<div class="test-event"> <font color="maroon"> <small> &emsp; &emsp;--- 21 Apr 16:47:42 294 - <b>0</b> - Page Load Wait: (Sync) - com.nbc.support.Utils.waitForPageLoad(Utils.java:71)</small> </font> </div>]]>
    </line>
    <line>
      <![CDATA[<div class="test-event"> <font color="maroon"> <small> &emsp; &emsp;--- 21 Apr 16:47:42 548 - Element is displayed:: [[RemoteWebDriver: chrome on XP (f371b977-e38d-435a-a51c-fd6c925026fb)] -> css selector: li[class*='News'] a[lid*='News']]</small> </font> </div>]]>
    </line>
    <line>
      <![CDATA[<div class="test-event"> <font color="maroon"> <small> &emsp; &emsp;--- 21 Apr 16:47:42 581 - Page URL:: https://www.nbcnewyork.com/</small> </font> </div>]]>
    </line>
    <line>
      <![CDATA[<div class="test-event"> <font color="maroon"> <small> &emsp; &emsp;--- 21 Apr 16:47:42 582 - <b>0</b> - Page Load Wait: (Sync) - com.nbc.support.Utils.waitForPageLoad(Utils.java:71)</small> </font> </div>]]>
    </line>
    <line>
      <![CDATA[<div class="test-event"> <font color="maroon"> <small> &emsp; &emsp;--- 21 Apr 16:47:42 616 - Page URL:: https://www.nbcnewyork.com/</small> </font> </div>]]>
    </line>
    <line>
      <![CDATA[<div class="test-event"> <font color="maroon"> <small> &emsp; &emsp;--- 21 Apr 16:47:42 616 - <b>0</b> - Page Load Wait: (Sync) - com.nbc.support.Utils.waitForPageLoad(Utils.java:71)</small> </font> </div>]]>
    </line>
    <line>
      <![CDATA[<div class="test-event"> <font color="maroon"> <small> &emsp; &emsp;--- 21 Apr 16:47:42 726 - Element is displayed:: [[RemoteWebDriver: chrome on XP (f371b977-e38d-435a-a51c-fd6c925026fb)] -> css selector: li[class*='News'] a[lid*='News']]</small> </font> </div>]]>
    </line>
    <line>
      <![CDATA[<div class="test-message">&emsp;Step 1. Navigated to 'NBC-NewYork' Home Page!</div>]]>
    </line>
    <line>
      <![CDATA[<div class="test-event"> <font color="maroon"> <small> &emsp; &emsp;--- 21 Apr 16:47:43 912 - <b>1</b> - Validating Spredfast Feed... - com.nbc.pages.HomePage.validateSpredfastFeed(HomePage.java:581)</small> </font> </div>]]>
    </line>
    <line>
      <![CDATA[<div class="test-result"><br><font color="green"><strong> Validation 1: Validated Feed in spredfast. All Feed loaded Seconds/Minutes/Hours Ago! </strong></font> <a href=".\ScreenShot\tc005_12.png" target="_blank" >[ScreenShot]</a></div>&emsp;]]>
    </line>
    <line>
      <![CDATA[<div class="test-result"><br><font color="green"><strong> Test Passed. </strong></font> <a href=".\ScreenShot\tc005_13.png" target="_blank" >[ScreenShot]</a></div>&emsp;]]>
    </line>
    <line>
      <![CDATA[<div class="test-result"><br><font color="green"><strong> Test Passed.  </strong></font> </div>&emsp;]]>
    </line>
    <line>
      <![CDATA[<div class="test-event"> <font color="maroon"> <small> &emsp; &emsp;--- 21 Apr 16:47:50 944 - <b>3</b> - Driver::Get - com.nbc.support.WebDriverFactory.get(WebDriverFactory.java:335)</small> </font> </div>]]>
    </line>
    <line>
      <![CDATA[&emsp;<div class="test-title"> <strong><font size = "3" color = "#000080">Watch live TVE dropdown appears[chrome_windows || NBC-NEWYORK ]</font> </strong> </div>&emsp;<div><strong>Steps:</strong></div><!-- Report -->&emsp;]]>
    </line>
    <line>
      <![CDATA[<div class="test-event"> <font color="maroon"> <small> &emsp; &emsp;--- 21 Apr 16:47:51 214 - Page URL:: data:,</small> </font> </div>]]>
    </line>
    <line>
      <![CDATA[<div class="test-event"> <font color="maroon"> <small> &emsp; &emsp;--- 21 Apr 16:47:51 214 - <b>0</b> - Page Load Wait: (Sync) - com.nbc.support.Utils.waitForPageLoad(Utils.java:71)</small> </font> </div>]]>
    </line>
    <line>
      <![CDATA[<div class="test-event"> <font color="maroon"> <small> &emsp; &emsp;--- 21 Apr 16:48:00 119 - Page URL:: https://www.nbcnewyork.com/</small> </font> </div>]]>
    </line>
    <line>
      <![CDATA[<div class="test-event"> <font color="maroon"> <small> &emsp; &emsp;--- 21 Apr 16:48:00 121 - <b>0</b> - Page Load Wait: (Sync) - com.nbc.support.Utils.waitForPageLoad(Utils.java:71)</small> </font> </div>]]>
    </line>
    <line>
      <![CDATA[<div class="test-event"> <font color="maroon"> <small> &emsp; &emsp;--- 21 Apr 16:48:00 536 - Element is displayed:: [[RemoteWebDriver: chrome on XP (c7b0826a-1fe9-4a53-83bf-c7e9cd59b171)] -> css selector: li[class*='News'] a[lid*='News']]</small> </font> </div>]]>
    </line>
    <line>
      <![CDATA[<div class="test-event"> <font color="maroon"> <small> &emsp; &emsp;--- 21 Apr 16:48:00 579 - Page URL:: https://www.nbcnewyork.com/</small> </font> </div>]]>
    </line>
    <line>
      <![CDATA[<div class="test-event"> <font color="maroon"> <small> &emsp; &emsp;--- 21 Apr 16:48:00 579 - <b>0</b> - Page Load Wait: (Sync) - com.nbc.support.Utils.waitForPageLoad(Utils.java:71)</small> </font> </div>]]>
    </line>
    <line>
      <![CDATA[<div class="test-event"> <font color="maroon"> <small> &emsp; &emsp;--- 21 Apr 16:48:00 666 - Page URL:: https://www.nbcnewyork.com/</small> </font> </div>]]>
    </line>
    <line>
      <![CDATA[<div class="test-event"> <font color="maroon"> <small> &emsp; &emsp;--- 21 Apr 16:48:00 666 - <b>0</b> - Page Load Wait: (Sync) - com.nbc.support.Utils.waitForPageLoad(Utils.java:71)</small> </font> </div>]]>
    </line>
    <line>
      <![CDATA[<div class="test-event"> <font color="maroon"> <small> &emsp; &emsp;--- 21 Apr 16:48:00 845 - Element is displayed:: [[RemoteWebDriver: chrome on XP (c7b0826a-1fe9-4a53-83bf-c7e9cd59b171)] -> css selector: li[class*='News'] a[lid*='News']]</small> </font> </div>]]>
    </line>
    <line>
      <![CDATA[<div class="test-message">&emsp;Step 1. Navigated to 'NBC-NewYork' Home Page!</div>]]>
    </line>
    <line>
      <![CDATA[<div class="test-event"> <font color="maroon"> <small> &emsp; &emsp;--- 21 Apr 16:48:01 077 - Element is displayed:: [[RemoteWebDriver: chrome on XP (c7b0826a-1fe9-4a53-83bf-c7e9cd59b171)] -> css selector: li[class='nav-small-section nav-live-tv'] a]</small> </font> </div>]]>
    </line>
    <line>
      <![CDATA[<div class="test-event"> <font color="maroon"> <small> &emsp; &emsp;--- 21 Apr 16:48:01 415 - <b>110113</b> - Hovered Watch Live TV Link.. - com.nbc.support.Log.assertThatForEvent(Log.java:852)</small> </font> </div>]]>
    </line>
    <line>
      <![CDATA[<div class="test-message">&emsp;Step 2. Mouse Hover on Connect Link!</div>]]>
    </line>
    <line>
      <![CDATA[<div class="test-event"> <font color="maroon"> <small> &emsp; &emsp;--- 21 Apr 16:48:01 629 - Element is displayed:: [[RemoteWebDriver: chrome on XP (c7b0826a-1fe9-4a53-83bf-c7e9cd59b171)] -> css selector: li[class='nav-small-section nav-live-tv'] ul[class='nav-small-sub'] li[class='livetv']]</small> </font> </div>]]>
    </line>
    <line>
      <![CDATA[<div class="test-event"> <font color="maroon"> <small> &emsp; &emsp;--- 21 Apr 16:48:02 108 - <b>0</b> - Validating Connect Hover Panel... - com.nbc.pages.HomePage.validateWatchLiveTVHoverPanel(HomePage.java:528)</small> </font> </div>]]>
    </line>
    <line>
      <![CDATA[<div class="test-result"><br><font color="green"><strong> Validation 1: Validated Watch Live TV Hover Panel - Live TV , On Now, On Demand and Full Schedule! </strong></font> <a href=".\ScreenShot\tc006_14.png" target="_blank" >[ScreenShot]</a></div>&emsp;]]>
    </line>
    <line>
      <![CDATA[<div class="test-result"><br><font color="green"><strong> Test Passed. </strong></font> <a href=".\ScreenShot\tc006_15.png" target="_blank" >[ScreenShot]</a></div>&emsp;]]>
    </line>
    <line>
      <![CDATA[<div class="test-result"><br><font color="green"><strong> Test Passed.  </strong></font> </div>&emsp;]]>
    </line>
    <line>
      <![CDATA[<div class="test-event"> <font color="maroon"> <small> &emsp; &emsp;--- 21 Apr 16:48:08 260 - <b>3</b> - Driver::Get - com.nbc.support.WebDriverFactory.get(WebDriverFactory.java:335)</small> </font> </div>]]>
    </line>
    <line>
      <![CDATA[&emsp;<div class="test-title"> <strong><font size = "3" color = "#000080">TVE dropdown should have: ON NOW, On Demand & Full Schedule whick  click through to TV listings[chrome_windows || NBC-NEWYORK ]</font> </strong> </div>&emsp;<div><strong>Steps:</strong></div><!-- Report -->&emsp;]]>
    </line>
    <line>
      <![CDATA[<div class="test-event"> <font color="maroon"> <small> &emsp; &emsp;--- 21 Apr 16:48:08 366 - Page URL:: data:,</small> </font> </div>]]>
    </line>
    <line>
      <![CDATA[<div class="test-event"> <font color="maroon"> <small> &emsp; &emsp;--- 21 Apr 16:48:08 366 - <b>0</b> - Page Load Wait: (Sync) - com.nbc.support.Utils.waitForPageLoad(Utils.java:71)</small> </font> </div>]]>
    </line>
    <line>
      <![CDATA[<div class="test-event"> <font color="maroon"> <small> &emsp; &emsp;--- 21 Apr 16:48:16 979 - Page URL:: https://www.nbcnewyork.com/</small> </font> </div>]]>
    </line>
    <line>
      <![CDATA[<div class="test-event"> <font color="maroon"> <small> &emsp; &emsp;--- 21 Apr 16:48:16 980 - <b>0</b> - Page Load Wait: (Sync) - com.nbc.support.Utils.waitForPageLoad(Utils.java:71)</small> </font> </div>]]>
    </line>
    <line>
      <![CDATA[<div class="test-event"> <font color="maroon"> <small> &emsp; &emsp;--- 21 Apr 16:48:17 330 - Element is displayed:: [[RemoteWebDriver: chrome on XP (29f3dd1b-9a1f-432e-80a3-c2852c7fc92c)] -> css selector: li[class*='News'] a[lid*='News']]</small> </font> </div>]]>
    </line>
    <line>
      <![CDATA[<div class="test-event"> <font color="maroon"> <small> &emsp; &emsp;--- 21 Apr 16:48:17 403 - Page URL:: https://www.nbcnewyork.com/</small> </font> </div>]]>
    </line>
    <line>
      <![CDATA[<div class="test-event"> <font color="maroon"> <small> &emsp; &emsp;--- 21 Apr 16:48:17 405 - <b>0</b> - Page Load Wait: (Sync) - com.nbc.support.Utils.waitForPageLoad(Utils.java:71)</small> </font> </div>]]>
    </line>
    <line>
      <![CDATA[<div class="test-event"> <font color="maroon"> <small> &emsp; &emsp;--- 21 Apr 16:48:17 446 - Page URL:: https://www.nbcnewyork.com/</small> </font> </div>]]>
    </line>
    <line>
      <![CDATA[<div class="test-event"> <font color="maroon"> <small> &emsp; &emsp;--- 21 Apr 16:48:17 446 - <b>0</b> - Page Load Wait: (Sync) - com.nbc.support.Utils.waitForPageLoad(Utils.java:71)</small> </font> </div>]]>
    </line>
    <line>
      <![CDATA[<div class="test-event"> <font color="maroon"> <small> &emsp; &emsp;--- 21 Apr 16:48:17 596 - Element is displayed:: [[RemoteWebDriver: chrome on XP (29f3dd1b-9a1f-432e-80a3-c2852c7fc92c)] -> css selector: li[class*='News'] a[lid*='News']]</small> </font> </div>]]>
    </line>
    <line>
      <![CDATA[<div class="test-message">&emsp;Step 1. Navigated to 'NBC-NewYork' Home Page!</div>]]>
    </line>
    <line>
      <![CDATA[<div class="test-event"> <font color="maroon"> <small> &emsp; &emsp;--- 21 Apr 16:48:17 926 - Element is displayed:: [[RemoteWebDriver: chrome on XP (29f3dd1b-9a1f-432e-80a3-c2852c7fc92c)] -> css selector: li[class='nav-small-section nav-live-tv'] a]</small> </font> </div>]]>
    </line>
    <line>
      <![CDATA[<div class="test-event"> <font color="maroon"> <small> &emsp; &emsp;--- 21 Apr 16:48:18 132 - <b>126865</b> - Hovered Watch Live TV Link.. - com.nbc.support.Log.assertThatForEvent(Log.java:852)</small> </font> </div>]]>
    </line>
    <line>
      <![CDATA[<div class="test-message">&emsp;Step 2. Mouse Hover on Connect Link!</div>]]>
    </line>
    <line>
      <![CDATA[<div class="test-event"> <font color="maroon"> <small> &emsp; &emsp;--- 21 Apr 16:48:18 269 - Element is displayed:: [[RemoteWebDriver: chrome on XP (29f3dd1b-9a1f-432e-80a3-c2852c7fc92c)] -> css selector: li[class='nav-small-section nav-live-tv'] a]</small> </font> </div>]]>
    </line>
    <line>
      <![CDATA[<div class="test-event"> <font color="maroon"> <small> &emsp; &emsp;--- 21 Apr 16:48:18 609 - Element is displayed:: [[RemoteWebDriver: chrome on XP (29f3dd1b-9a1f-432e-80a3-c2852c7fc92c)] -> css selector: li[class='nav-small-section nav-live-tv'] ul[class='nav-small-sub'] li[class='schedule'] a[data-lid='Click for full schedule']]</small> </font> </div>]]>
    </line>
    <line>
      <![CDATA[<div class="test-event"> <font color="maroon"> <small> &emsp; &emsp;--- 21 Apr 16:48:25 727 - <b>127400</b> - Navigated to Full Schedule On Live TV.. - com.nbc.support.Log.assertThatForEvent(Log.java:852)</small> </font> </div>]]>
    </line>
    <line>
      <![CDATA[<div class="test-message">&emsp;Step 3. Navigated to Full Schedule On Live TV!</div>]]>
    </line>
    <line>
      <![CDATA[<div class="test-event"> <font color="maroon"> <small> &emsp; &emsp;--- 21 Apr 16:48:25 826 - Element is displayed:: [[RemoteWebDriver: chrome on XP (29f3dd1b-9a1f-432e-80a3-c2852c7fc92c)] -> css selector: div[class='daySelectWrapper']]</small> </font> </div>]]>
    </line>
    <line>
      <![CDATA[<div class="test-event"> <font color="maroon"> <small> &emsp; &emsp;--- 21 Apr 16:48:26 220 - <b>0</b> - Validating TV Listing... - com.nbc.pages.HomePage.validateTVListing(HomePage.java:604)</small> </font> </div>]]>
    </line>
    <line>
      <![CDATA[<div class="test-result"><br><font color="green"><strong> Validation 1: Validated TV Listing - TV Listing Page, TV Tabs, Date Picker and Now TV! </strong></font> <a href=".\ScreenShot\tc007_16.png" target="_blank" >[ScreenShot]</a></div>&emsp;]]>
    </line>
    <line>
      <![CDATA[<div class="test-result"><br><font color="green"><strong> Test Passed. </strong></font> <a href=".\ScreenShot\tc007_17.png" target="_blank" >[ScreenShot]</a></div>&emsp;]]>
    </line>
    <line>
      <![CDATA[<div class="test-result"><br><font color="green"><strong> Test Passed.  </strong></font> </div>&emsp;]]>
    </line>
    <line>
      <![CDATA[<div class="test-event"> <font color="maroon"> <small> &emsp; &emsp;--- 21 Apr 16:48:31 967 - <b>3</b> - Driver::Get - com.nbc.support.WebDriverFactory.get(WebDriverFactory.java:335)</small> </font> </div>]]>
    </line>
    <line>
      <![CDATA[&emsp;<div class="test-title"> <strong><font size = "3" color = "#000080">Connect dropdown appears[chrome_windows || NBC-NEWYORK ]</font> </strong> </div>&emsp;<div><strong>Steps:</strong></div><!-- Report -->&emsp;]]>
    </line>
    <line>
      <![CDATA[<div class="test-event"> <font color="maroon"> <small> &emsp; &emsp;--- 21 Apr 16:48:32 145 - Page URL:: data:,</small> </font> </div>]]>
    </line>
    <line>
      <![CDATA[<div class="test-event"> <font color="maroon"> <small> &emsp; &emsp;--- 21 Apr 16:48:32 146 - <b>0</b> - Page Load Wait: (Sync) - com.nbc.support.Utils.waitForPageLoad(Utils.java:71)</small> </font> </div>]]>
    </line>
    <line>
      <![CDATA[<div class="test-event"> <font color="maroon"> <small> &emsp; &emsp;--- 21 Apr 16:48:39 170 - Unable to find a element after 53 sec ==> Proxy element for: AjaxElementLocator 'By.cssSelector: div[class*='SmartRadar-pane'] img[class*='leaflet-zoom-animated']'</small> </font> </div>]]>
    </line>
    <line>
      <![CDATA[<div class="test-event"> <font color="maroon"> <small> &emsp; &emsp;--- 21 Apr 16:48:39 714 - <b>82</b> - Validating Radar... - com.nbc.pages.HomePage.validateRadarOnWeatherModule(HomePage.java:431)</small> </font> </div>]]>
    </line>
    <line>
      <![CDATA[<div class="test-event"> <font color="maroon"> <small> &emsp; &emsp;--- 21 Apr 16:48:40 376 - Page URL:: https://www.nbcnewyork.com/</small> </font> </div>]]>
    </line>
    <line>
      <![CDATA[<div class="test-event"> <font color="maroon"> <small> &emsp; &emsp;--- 21 Apr 16:48:40 376 - <b>0</b> - Page Load Wait: (Sync) - com.nbc.support.Utils.waitForPageLoad(Utils.java:71)</small> </font> </div>]]>
    </line>
    <line>
      <![CDATA[<div class="test-event"> <font color="maroon"> <small> &emsp; &emsp;--- 21 Apr 16:48:40 598 - Element is displayed:: [[RemoteWebDriver: chrome on XP (c9af53c8-f5f2-4776-9707-0f4f567971b4)] -> css selector: li[class*='News'] a[lid*='News']]</small> </font> </div>]]>
    </line>
    <line>
      <![CDATA[<div class="test-event"> <font color="maroon"> <small> &emsp; &emsp;--- 21 Apr 16:48:40 646 - Page URL:: https://www.nbcnewyork.com/</small> </font> </div>]]>
    </line>
    <line>
      <![CDATA[<div class="test-event"> <font color="maroon"> <small> &emsp; &emsp;--- 21 Apr 16:48:40 647 - <b>0</b> - Page Load Wait: (Sync) - com.nbc.support.Utils.waitForPageLoad(Utils.java:71)</small> </font> </div>]]>
    </line>
    <line>
      <![CDATA[<div class="test-event"> <font color="maroon"> <small> &emsp; &emsp;--- 21 Apr 16:48:40 708 - Page URL:: https://www.nbcnewyork.com/</small> </font> </div>]]>
    </line>
    <line>
      <![CDATA[<div class="test-event"> <font color="maroon"> <small> &emsp; &emsp;--- 21 Apr 16:48:40 708 - <b>0</b> - Page Load Wait: (Sync) - com.nbc.support.Utils.waitForPageLoad(Utils.java:71)</small> </font> </div>]]>
    </line>
    <line>
      <![CDATA[<div class="test-result"><br><font color="green"><strong> Validation 4: Validated Radar in Weather Module! </strong></font> <a href=".\ScreenShot\tc003_18.png" target="_blank" >[ScreenShot]</a></div>&emsp;]]>
    </line>
    <line>
      <![CDATA[<div class="test-event"> <font color="maroon"> <small> &emsp; &emsp;--- 21 Apr 16:48:40 977 - Element is displayed:: [[RemoteWebDriver: chrome on XP (c9af53c8-f5f2-4776-9707-0f4f567971b4)] -> css selector: li[class*='News'] a[lid*='News']]</small> </font> </div>]]>
    </line>
    <line>
      <![CDATA[<div class="test-message">&emsp;Step 1. Navigated to 'NBC-NewYork' Home Page!</div>]]>
    </line>
    <line>
      <![CDATA[<div class="test-event"> <font color="maroon"> <small> &emsp; &emsp;--- 21 Apr 16:48:41 132 - Element is displayed:: [[RemoteWebDriver: chrome on XP (c9af53c8-f5f2-4776-9707-0f4f567971b4)] -> css selector: li[class='nav-small-section nav-connect'] a]</small> </font> </div>]]>
    </line>
    <line>
      <![CDATA[<div class="test-event"> <font color="maroon"> <small> &emsp; &emsp;--- 21 Apr 16:48:41 242 - <b>150245</b> - Hovered Connect Link.. - com.nbc.support.Log.assertThatForEvent(Log.java:852)</small> </font> </div>]]>
    </line>
    <line>
      <![CDATA[<div class="test-message">&emsp;Step 2. Mouse Hover on Connect Link!</div>]]>
    </line>
    <line>
      <![CDATA[<div class="test-event"> <font color="maroon"> <small> &emsp; &emsp;--- 21 Apr 16:48:41 377 - Element is displayed:: [[RemoteWebDriver: chrome on XP (c9af53c8-f5f2-4776-9707-0f4f567971b4)] -> css selector: ul[class='nav-small'] div[class='subnav-large-container'] div[class='nav-connect-sub'] div[class='connect-media']]</small> </font> </div>]]>
    </line>
    <line>
      <![CDATA[<div class="test-event"> <font color="maroon"> <small> &emsp; &emsp;--- 21 Apr 16:48:41 648 - <b>0</b> - Validating Connect Hover Panel... - com.nbc.pages.HomePage.validateConnectHoverPanel(HomePage.java:505)</small> </font> </div>]]>
    </line>
    <line>
      <![CDATA[<div class="test-result"><br><font color="green"><strong> Test Passed. </strong></font> <a href=".\ScreenShot\tc003_19.png" target="_blank" >[ScreenShot]</a></div>&emsp;]]>
    </line>
    <line>
      <![CDATA[<div class="test-result"><br><font color="green"><strong> Test Passed.  </strong></font> </div>&emsp;]]>
    </line>
    <line>
      <![CDATA[<div class="test-result"><br><font color="green"><strong> Validation 1: Validated Connect Hover Panel - Media , Responds and Footer! </strong></font> <a href=".\ScreenShot\tc008_20.png" target="_blank" >[ScreenShot]</a></div>&emsp;]]>
    </line>
    <line>
      <![CDATA[<div class="test-result"><br><font color="green"><strong> Test Passed. </strong></font> <a href=".\ScreenShot\tc008_21.png" target="_blank" >[ScreenShot]</a></div>&emsp;]]>
    </line>
    <line>
      <![CDATA[<div class="test-result"><br><font color="green"><strong> Test Passed.  </strong></font> </div>&emsp;]]>
    </line>
    <line>
      <![CDATA[<div class="test-event"> <font color="maroon"> <small> &emsp; &emsp;--- 21 Apr 16:48:46 098 - <b>3</b> - Driver::Get - com.nbc.support.WebDriverFactory.get(WebDriverFactory.java:335)</small> </font> </div>]]>
    </line>
    <line>
      <![CDATA[&emsp;<div class="test-title"> <strong><font size = "3" color = "#000080">Icons in connect dropdown are clickable and link out[chrome_windows || NBC-NEWYORK ]</font> </strong> </div>&emsp;<div><strong>Steps:</strong></div><!-- Report -->&emsp;]]>
    </line>
    <line>
      <![CDATA[<div class="test-event"> <font color="maroon"> <small> &emsp; &emsp;--- 21 Apr 16:48:46 190 - Page URL:: data:,</small> </font> </div>]]>
    </line>
    <line>
      <![CDATA[<div class="test-event"> <font color="maroon"> <small> &emsp; &emsp;--- 21 Apr 16:48:46 190 - <b>0</b> - Page Load Wait: (Sync) - com.nbc.support.Utils.waitForPageLoad(Utils.java:71)</small> </font> </div>]]>
    </line>
    <line>
      <![CDATA[<div class="test-event"> <font color="maroon"> <small> &emsp; &emsp;--- 21 Apr 16:48:46 840 - <b>3</b> - Driver::Get - com.nbc.support.WebDriverFactory.get(WebDriverFactory.java:335)</small> </font> </div>]]>
    </line>
    <line>
      <![CDATA[&emsp;<div class="test-title"> <strong><font size = "3" color = "#000080">Share bar is visible and functions[chrome_windows || NBC-NEWYORK ]</font> </strong> </div>&emsp;<div><strong>Steps:</strong></div><!-- Report -->&emsp;]]>
    </line>
    <line>
      <![CDATA[<div class="test-event"> <font color="maroon"> <small> &emsp; &emsp;--- 21 Apr 16:48:46 987 - Page URL:: data:,</small> </font> </div>]]>
    </line>
    <line>
      <![CDATA[<div class="test-event"> <font color="maroon"> <small> &emsp; &emsp;--- 21 Apr 16:48:46 988 - <b>0</b> - Page Load Wait: (Sync) - com.nbc.support.Utils.waitForPageLoad(Utils.java:71)</small> </font> </div>]]>
    </line>
    <line>
      <![CDATA[<div class="test-event"> <font color="maroon"> <small> &emsp; &emsp;--- 21 Apr 16:48:55 077 - Page URL:: https://www.nbcnewyork.com/</small> </font> </div>]]>
    </line>
    <line>
      <![CDATA[<div class="test-event"> <font color="maroon"> <small> &emsp; &emsp;--- 21 Apr 16:48:55 078 - <b>0</b> - Page Load Wait: (Sync) - com.nbc.support.Utils.waitForPageLoad(Utils.java:71)</small> </font> </div>]]>
    </line>
    <line>
      <![CDATA[<div class="test-event"> <font color="maroon"> <small> &emsp; &emsp;--- 21 Apr 16:48:55 497 - Page URL:: https://www.nbcnewyork.com/</small> </font> </div>]]>
    </line>
    <line>
      <![CDATA[<div class="test-event"> <font color="maroon"> <small> &emsp; &emsp;--- 21 Apr 16:48:55 498 - <b>0</b> - Page Load Wait: (Sync) - com.nbc.support.Utils.waitForPageLoad(Utils.java:71)</small> </font> </div>]]>
    </line>
    <line>
      <![CDATA[<div class="test-event"> <font color="maroon"> <small> &emsp; &emsp;--- 21 Apr 16:48:55 726 - Element is displayed:: [[RemoteWebDriver: chrome on XP (4efc763e-e5f9-4ed1-95a1-9eafd8ce95d7)] -> css selector: li[class*='News'] a[lid*='News']]</small> </font> </div>]]>
    </line>
    <line>
      <![CDATA[<div class="test-event"> <font color="maroon"> <small> &emsp; &emsp;--- 21 Apr 16:48:55 761 - Page URL:: https://www.nbcnewyork.com/</small> </font> </div>]]>
    </line>
    <line>
      <![CDATA[<div class="test-event"> <font color="maroon"> <small> &emsp; &emsp;--- 21 Apr 16:48:55 761 - <b>0</b> - Page Load Wait: (Sync) - com.nbc.support.Utils.waitForPageLoad(Utils.java:71)</small> </font> </div>]]>
    </line>
    <line>
      <![CDATA[<div class="test-event"> <font color="maroon"> <small> &emsp; &emsp;--- 21 Apr 16:48:55 815 - Page URL:: https://www.nbcnewyork.com/</small> </font> </div>]]>
    </line>
    <line>
      <![CDATA[<div class="test-event"> <font color="maroon"> <small> &emsp; &emsp;--- 21 Apr 16:48:55 818 - <b>0</b> - Page Load Wait: (Sync) - com.nbc.support.Utils.waitForPageLoad(Utils.java:71)</small> </font> </div>]]>
    </line>
    <line>
      <![CDATA[<div class="test-event"> <font color="maroon"> <small> &emsp; &emsp;--- 21 Apr 16:48:55 863 - Element is displayed:: [[RemoteWebDriver: chrome on XP (25e0153c-9cc3-4c56-bb6d-ef3475deb21f)] -> css selector: li[class*='News'] a[lid*='News']]</small> </font> </div>]]>
    </line>
    <line>
      <![CDATA[<div class="test-event"> <font color="maroon"> <small> &emsp; &emsp;--- 21 Apr 16:48:55 899 - Page URL:: https://www.nbcnewyork.com/</small> </font> </div>]]>
    </line>
    <line>
      <![CDATA[<div class="test-event"> <font color="maroon"> <small> &emsp; &emsp;--- 21 Apr 16:48:55 899 - <b>0</b> - Page Load Wait: (Sync) - com.nbc.support.Utils.waitForPageLoad(Utils.java:71)</small> </font> </div>]]>
    </line>
    <line>
      <![CDATA[<div class="test-event"> <font color="maroon"> <small> &emsp; &emsp;--- 21 Apr 16:48:55 946 - Page URL:: https://www.nbcnewyork.com/</small> </font> </div>]]>
    </line>
    <line>
      <![CDATA[<div class="test-event"> <font color="maroon"> <small> &emsp; &emsp;--- 21 Apr 16:48:55 946 - <b>0</b> - Page Load Wait: (Sync) - com.nbc.support.Utils.waitForPageLoad(Utils.java:71)</small> </font> </div>]]>
    </line>
    <line>
      <![CDATA[<div class="test-event"> <font color="maroon"> <small> &emsp; &emsp;--- 21 Apr 16:48:55 995 - Element is displayed:: [[RemoteWebDriver: chrome on XP (4efc763e-e5f9-4ed1-95a1-9eafd8ce95d7)] -> css selector: li[class*='News'] a[lid*='News']]</small> </font> </div>]]>
    </line>
    <line>
      <![CDATA[<div class="test-message">&emsp;Step 1. Navigated to 'NBC-NewYork' Home Page!</div>]]>
    </line>
    <line>
      <![CDATA[<div class="test-event"> <font color="maroon"> <small> &emsp; &emsp;--- 21 Apr 16:48:56 046 - Page URL:: https://www.nbcnewyork.com/</small> </font> </div>]]>
    </line>
    <line>
      <![CDATA[<div class="test-event"> <font color="maroon"> <small> &emsp; &emsp;--- 21 Apr 16:48:56 047 - <b>0</b> - Page Load Wait: (Sync) - com.nbc.support.Utils.waitForPageLoad(Utils.java:71)</small> </font> </div>]]>
    </line>
    <line>
      <![CDATA[<div class="test-event"> <font color="maroon"> <small> &emsp; &emsp;--- 21 Apr 16:48:56 264 - Element is displayed:: [[RemoteWebDriver: chrome on XP (25e0153c-9cc3-4c56-bb6d-ef3475deb21f)] -> css selector: li[class*='News'] a[lid*='News']]</small> </font> </div>]]>
    </line>
    <line>
      <![CDATA[<div class="test-message">&emsp;Step 1. Navigated to 'NBC-NewYork' Home Page!</div>]]>
    </line>
    <line>
      <![CDATA[<div class="test-event"> <font color="maroon"> <small> &emsp; &emsp;--- 21 Apr 16:48:56 592 - Element is displayed:: [[RemoteWebDriver: chrome on XP (25e0153c-9cc3-4c56-bb6d-ef3475deb21f)] -> css selector: li[class='nav-small-section nav-connect'] a]</small> </font> </div>]]>
    </line>
    <line>
      <![CDATA[<div class="test-event"> <font color="maroon"> <small> &emsp; &emsp;--- 21 Apr 16:48:57 195 - <b>165533</b> - Hovered Connect Link.. - com.nbc.support.Log.assertThatForEvent(Log.java:852)</small> </font> </div>]]>
    </line>
    <line>
      <![CDATA[<div class="test-message">&emsp;Step 2. Mouse Hover on Connect Link!</div>]]>
    </line>
    <line>
      <![CDATA[<div class="test-event"> <font color="maroon"> <small> &emsp; &emsp;--- 21 Apr 16:48:57 614 - Element is displayed:: [[RemoteWebDriver: chrome on XP (25e0153c-9cc3-4c56-bb6d-ef3475deb21f)] -> css selector: div[class='nav-connect-sub'] div[class='connect-media'] div[class='connect-social'] div[class='connect-social-icons'] a[data-lid='Twitter']>i[class='fa fa-twitter']]</small> </font> </div>]]>
    </line>
    <line>
      <![CDATA[<div class="test-event"> <font color="maroon"> <small> &emsp; &emsp;--- 21 Apr 16:48:57 765 - <b>0</b> - Validating Connect Twitter... - com.nbc.pages.HomePage.validateConnectTwitter(HomePage.java:622)</small> </font> </div>]]>
    </line>
    <line>
      <![CDATA[<div class="test-result"><br><font color="green"><strong> Validation 1: Validated Connect Twitter Link! </strong></font> <a href=".\ScreenShot\tc009_22.png" target="_blank" >[ScreenShot]</a></div>&emsp;]]>
    </line>
    <line>
      <![CDATA[<div class="test-event"> <font color="maroon"> <small> &emsp; &emsp;--- 21 Apr 16:48:58 808 - Element is displayed:: [[RemoteWebDriver: chrome on XP (25e0153c-9cc3-4c56-bb6d-ef3475deb21f)] -> css selector: div[class='nav-connect-sub'] div[class='connect-media'] div[class='connect-social'] div[class='connect-social-icons'] a[data-lid='Instagram']>i[class='fa fa-instagram']]</small> </font> </div>]]>
    </line>
    <line>
      <![CDATA[<div class="test-event"> <font color="maroon"> <small> &emsp; &emsp;--- 21 Apr 16:48:58 981 - <b>0</b> - Validating Connect Instagram... - com.nbc.pages.HomePage.validateConnectInstagram(HomePage.java:640)</small> </font> </div>]]>
    </line>
    <line>
      <![CDATA[<div class="test-result"><br><font color="green"><strong> Validation 2: Validated Connect Instagram Link! </strong></font> <a href=".\ScreenShot\tc009_23.png" target="_blank" >[ScreenShot]</a></div>&emsp;]]>
    </line>
    <line>
      <![CDATA[<div class="test-event"> <font color="maroon"> <small> &emsp; &emsp;--- 21 Apr 16:48:59 879 - Element is displayed:: [[RemoteWebDriver: chrome on XP (25e0153c-9cc3-4c56-bb6d-ef3475deb21f)] -> css selector: div[class='nav-connect-sub'] div[class='connect-media'] div[class='connect-social'] div[class='connect-social-icons'] a[data-lid='Facebook']>i[class='fa fa fa-facebook-official']]</small> </font> </div>]]>
    </line>
    <line>
      <![CDATA[<div class="test-event"> <font color="maroon"> <small> &emsp; &emsp;--- 21 Apr 16:48:59 956 - <b>0</b> - Validating Connect Facebook... - com.nbc.pages.HomePage.validateConnectFacebook(HomePage.java:658)</small> </font> </div>]]>
    </line>
    <line>
      <![CDATA[<div class="test-result"><br><font color="green"><strong> Validation 3: Validated Connect Facebook Link! </strong></font> <a href=".\ScreenShot\tc009_24.png" target="_blank" >[ScreenShot]</a></div>&emsp;]]>
    </line>
    <line>
      <![CDATA[<div class="test-event"> <font color="maroon"> <small> &emsp; &emsp;--- 21 Apr 16:49:00 767 - Element is displayed:: [[RemoteWebDriver: chrome on XP (25e0153c-9cc3-4c56-bb6d-ef3475deb21f)] -> css selector: div[class='nav-connect-sub'] div[class='connect-media'] div[class='connect-apps'] a[data-lid='Mobile']]</small> </font> </div>]]>
    </line>
    <line>
      <![CDATA[<div class="test-event"> <font color="maroon"> <small> &emsp; &emsp;--- 21 Apr 16:49:00 850 - <b>0</b> - Validating Connect Apps... - com.nbc.pages.HomePage.validateConnectApps(HomePage.java:676)</small> </font> </div>]]>
    </line>
    <line>
      <![CDATA[<div class="test-result"><br><font color="green"><strong> Validation 4: Validated Connect Apps Link! </strong></font> <a href=".\ScreenShot\tc009_25.png" target="_blank" >[ScreenShot]</a></div>&emsp;]]>
    </line>
    <line>
      <![CDATA[<div class="test-event"> <font color="maroon"> <small> &emsp; &emsp;--- 21 Apr 16:49:01 716 - Element is displayed:: [[RemoteWebDriver: chrome on XP (25e0153c-9cc3-4c56-bb6d-ef3475deb21f)] -> css selector: div[class='nav-connect-sub'] div[class='connect-media'] div[class='connect-email'] a[data-lid='Newsletters']]</small> </font> </div>]]>
    </line>
    <line>
      <![CDATA[<div class="test-event"> <font color="maroon"> <small> &emsp; &emsp;--- 21 Apr 16:49:01 815 - <b>0</b> - Validating Connect Email/NewsLetters... - com.nbc.pages.HomePage.validateConnectEmailNewsLetters(HomePage.java:694)</small> </font> </div>]]>
    </line>
    <line>
      <![CDATA[<div class="test-result"><br><font color="green"><strong> Validation 5: Validated Connect Emails/NewsLetter Link! </strong></font> <a href=".\ScreenShot\tc009_26.png" target="_blank" >[ScreenShot]</a></div>&emsp;]]>
    </line>
    <line>
      <![CDATA[<div class="test-event"> <font color="maroon"> <small> &emsp; &emsp;--- 21 Apr 16:49:02 816 - Element is displayed:: [[RemoteWebDriver: chrome on XP (25e0153c-9cc3-4c56-bb6d-ef3475deb21f)] -> css selector: div[class='nav-connect-sub'] div[class='connect-media'] div[class='connect-ugc'] a[data-lid='UGC'] div[class='connect-ugc-icon'] i[class='fa fa-camera']]</small> </font> </div>]]>
    </line>
    <line>
      <![CDATA[<div class="test-event"> <font color="maroon"> <small> &emsp; &emsp;--- 21 Apr 16:49:02 928 - <b>0</b> - Validating Connect Email/NewsLetters... - com.nbc.pages.HomePage.validateConnectSendUsVideosandPictures(HomePage.java:712)</small> </font> </div>]]>
    </line>
    <line>
      <![CDATA[<div class="test-result"><br><font color="green"><strong> Validation 6: Validated Connect Send Us Videos and Pictures Link! </strong></font> <a href=".\ScreenShot\tc009_27.png" target="_blank" >[ScreenShot]</a></div>&emsp;]]>
    </line>
    <line>
      <![CDATA[<div class="test-event"> <font color="maroon"> <small> &emsp; &emsp;--- 21 Apr 16:49:03 796 - Element is displayed:: [[RemoteWebDriver: chrome on XP (25e0153c-9cc3-4c56-bb6d-ef3475deb21f)] -> css selector: div[class='nav-connect-sub'] div[class='connect-media'] div[class='connect-send'] a[data-lid='Submit Tips'] div[class='connect-apps-icon'] div[class='connect-tips']]</small> </font> </div>]]>
    </line>
    <line>
      <![CDATA[<div class="test-event"> <font color="maroon"> <small> &emsp; &emsp;--- 21 Apr 16:49:03 862 - <b>0</b> - Validating Connect Send Tips... - com.nbc.pages.HomePage.validateConnectSendTips(HomePage.java:730)</small> </font> </div>]]>
    </line>
    <line>
      <![CDATA[<div class="test-result"><br><font color="green"><strong> Validation 7: Validated Connect SendTips Link! </strong></font> <a href=".\ScreenShot\tc009_28.png" target="_blank" >[ScreenShot]</a></div>&emsp;]]>
    </line>
    <line>
      <![CDATA[<div class="test-event"> <font color="maroon"> <small> &emsp; &emsp;--- 21 Apr 16:49:04 841 - Element is displayed:: [[RemoteWebDriver: chrome on XP (25e0153c-9cc3-4c56-bb6d-ef3475deb21f)] -> css selector: div[class='nav-connect-footer'] ul li[class='submit-tips'] a[data-lid='Submit Tips']]</small> </font> </div>]]>
    </line>
    <line>
      <![CDATA[<div class="test-event"> <font color="maroon"> <small> &emsp; &emsp;--- 21 Apr 16:49:04 932 - <b>0</b> - Validating Footer Connect Send Tips... - com.nbc.pages.HomePage.validateFooterConnectSendTips(HomePage.java:748)</small> </font> </div>]]>
    </line>
    <line>
      <![CDATA[<div class="test-result"><br><font color="green"><strong> Validation 8: Validated Footer Connect SendTips Link! </strong></font> <a href=".\ScreenShot\tc009_29.png" target="_blank" >[ScreenShot]</a></div>&emsp;]]>
    </line>
    <line>
      <![CDATA[<div class="test-event"> <font color="maroon"> <small> &emsp; &emsp;--- 21 Apr 16:49:05 880 - Element is displayed:: [[RemoteWebDriver: chrome on XP (25e0153c-9cc3-4c56-bb6d-ef3475deb21f)] -> css selector: div[class='nav-connect-footer'] ul li[class='send-feedback'] a[data-lid='Send Feedback']]</small> </font> </div>]]>
    </line>
    <line>
      <![CDATA[<div class="test-event"> <font color="maroon"> <small> &emsp; &emsp;--- 21 Apr 16:49:05 956 - <b>0</b> - Validating Footer Connect Send Feedback... - com.nbc.pages.HomePage.validateFooterConnectSendFeedback(HomePage.java:766)</small> </font> </div>]]>
    </line>
    <line>
      <![CDATA[<div class="test-result"><br><font color="green"><strong> Validation 9: Validated Footer Connect Send Feedback Link! </strong></font> <a href=".\ScreenShot\tc009_30.png" target="_blank" >[ScreenShot]</a></div>&emsp;]]>
    </line>
    <line>
      <![CDATA[<div class="test-event"> <font color="maroon"> <small> &emsp; &emsp;--- 21 Apr 16:49:06 728 - Element is displayed:: [[RemoteWebDriver: chrome on XP (25e0153c-9cc3-4c56-bb6d-ef3475deb21f)] -> css selector: div[class='nav-connect-footer'] ul li[class='terms'] a[data-lid='Terms of Service']]</small> </font> </div>]]>
    </line>
    <line>
      <![CDATA[<div class="test-event"> <font color="maroon"> <small> &emsp; &emsp;--- 21 Apr 16:49:06 812 - <b>0</b> - Validating Footer Connect Terms of Service... - com.nbc.pages.HomePage.validateFooterConnectTermsofService(HomePage.java:784)</small> </font> </div>]]>
    </line>
    <line>
      <![CDATA[<div class="test-result"><br><font color="green"><strong> Validation 10: Validated Footer Connect Terms of Service Link! </strong></font> <a href=".\ScreenShot\tc009_31.png" target="_blank" >[ScreenShot]</a></div>&emsp;]]>
    </line>
    <line>
      <![CDATA[<div class="test-event"> <font color="maroon"> <small> &emsp; &emsp;--- 21 Apr 16:49:07 630 - Element is displayed:: [[RemoteWebDriver: chrome on XP (25e0153c-9cc3-4c56-bb6d-ef3475deb21f)] -> css selector: div[class='nav-connect-footer'] ul li[class='privacy-policy'] a[data-lid='Privacy Policy']]</small> </font> </div>]]>
    </line>
    <line>
      <![CDATA[<div class="test-event"> <font color="maroon"> <small> &emsp; &emsp;--- 21 Apr 16:49:07 725 - <b>0</b> - Validating Footer Connect Privacy Policy... - com.nbc.pages.HomePage.validateFooterConnectPrivacyPolicy(HomePage.java:802)</small> </font> </div>]]>
    </line>
    <line>
      <![CDATA[<div class="test-event"> <font color="maroon"> <small> &emsp; &emsp;--- 21 Apr 16:49:08 082 - <b>12</b> - Clicked first article on Local Stack Section - com.nbc.pages.HomePage.clickOnFirstArticle_OnLocalStackSection(HomePage.java:286)</small> </font> </div>]]>
    </line>
    <line>
      <![CDATA[<div class="test-event"> <font color="maroon"> <small> &emsp; &emsp;--- 21 Apr 16:49:08 148 - Page URL:: https://www.nbcnewyork.com/news/local/citi-bike-will-be-offering-free-rides-in-honor-of-car-free-day-and-earth-day-480292273.html</small> </font> </div>]]>
    </line>
    <line>
      <![CDATA[<div class="test-event"> <font color="maroon"> <small> &emsp; &emsp;--- 21 Apr 16:49:08 148 - <b>0</b> - Page Load Wait: (Sync) - com.nbc.support.Utils.waitForPageLoad(Utils.java:71)</small> </font> </div>]]>
    </line>
    <line>
      <![CDATA[<div class="test-result"><br><font color="green"><strong> Validation 11: Validated Footer Connect Privacy Policy Link! </strong></font> <a href=".\ScreenShot\tc009_32.png" target="_blank" >[ScreenShot]</a></div>&emsp;]]>
    </line>
    <line>
      <![CDATA[<div class="test-event"> <font color="maroon"> <small> &emsp; &emsp;--- 21 Apr 16:49:08 446 - Element is displayed:: [[RemoteWebDriver: chrome on XP (4efc763e-e5f9-4ed1-95a1-9eafd8ce95d7)] -> css selector: i[class='fa fa-facebook fa-stack-1x fa-inverse']]</small> </font> </div>]]>
    </line>
    <line>
      <![CDATA[<div class="test-event"> <font color="maroon"> <small> &emsp; &emsp;--- 21 Apr 16:49:08 567 - Page URL:: https://www.nbcnewyork.com/news/local/citi-bike-will-be-offering-free-rides-in-honor-of-car-free-day-and-earth-day-480292273.html</small> </font> </div>]]>
    </line>
    <line>
      <![CDATA[<div class="test-event"> <font color="maroon"> <small> &emsp; &emsp;--- 21 Apr 16:49:08 569 - <b>0</b> - Page Load Wait: (Sync) - com.nbc.support.Utils.waitForPageLoad(Utils.java:71)</small> </font> </div>]]>
    </line>
    <line>
      <![CDATA[<div class="test-event"> <font color="maroon"> <small> &emsp; &emsp;--- 21 Apr 16:49:08 590 - Element is displayed:: [[RemoteWebDriver: chrome on XP (25e0153c-9cc3-4c56-bb6d-ef3475deb21f)] -> css selector: div[class='nav-connect-footer'] ul li[class='partner'] div[class='connect-brand'] a[data-lid='Duopoly']]</small> </font> </div>]]>
    </line>
    <line>
      <![CDATA[<div class="test-event"> <font color="maroon"> <small> &emsp; &emsp;--- 21 Apr 16:49:08 637 - Page URL:: https://www.nbcnewyork.com/news/local/citi-bike-will-be-offering-free-rides-in-honor-of-car-free-day-and-earth-day-480292273.html</small> </font> </div>]]>
    </line>
    <line>
      <![CDATA[<div class="test-event"> <font color="maroon"> <small> &emsp; &emsp;--- 21 Apr 16:49:08 638 - <b>0</b> - Page Load Wait: (Sync) - com.nbc.support.Utils.waitForPageLoad(Utils.java:71)</small> </font> </div>]]>
    </line>
    <line>
      <![CDATA[<div class="test-event"> <font color="maroon"> <small> &emsp; &emsp;--- 21 Apr 16:49:08 692 - <b>0</b> - Validating Footer Connect Partner... - com.nbc.pages.HomePage.validateFooterConnectPartner(HomePage.java:820)</small> </font> </div>]]>
    </line>
    <line>
      <![CDATA[<div class="test-event"> <font color="maroon"> <small> &emsp; &emsp;--- 21 Apr 16:49:08 863 - Element is displayed:: [[RemoteWebDriver: chrome on XP (4efc763e-e5f9-4ed1-95a1-9eafd8ce95d7)] -> css selector: i[class='fa fa-facebook fa-stack-1x fa-inverse']]</small> </font> </div>]]>
    </line>
    <line>
      <![CDATA[<div class="test-message">&emsp;Step 2. Navigated to First Article on Local Stack Section!</div>]]>
    </line>
    <line>
      <![CDATA[<div class="test-event"> <font color="maroon"> <small> &emsp; &emsp;--- 21 Apr 16:49:09 054 - Element is displayed:: [[RemoteWebDriver: chrome on XP (4efc763e-e5f9-4ed1-95a1-9eafd8ce95d7)] -> css selector: i[class='fa fa-facebook fa-stack-1x fa-inverse']]</small> </font> </div>]]>
    </line>
    <line>
      <![CDATA[<div class="test-event"> <font color="maroon"> <small> &emsp; &emsp;--- 21 Apr 16:49:09 076 - <b>0</b> - Validating Facebook Icon... - com.nbc.pages.ArticlePage.validateFacebookIcon(ArticlePage.java:129)</small> </font> </div>]]>
    </line>
    <line>
      <![CDATA[<div class="test-result"><br><font color="green"><strong> Validation 12: Validated Footer Connect Partner Link! </strong></font> <a href=".\ScreenShot\tc009_33.png" target="_blank" >[ScreenShot]</a></div>&emsp;]]>
    </line>
    <line>
      <![CDATA[<div class="test-result"><br><font color="green"><strong> Test Passed. </strong></font> <a href=".\ScreenShot\tc009_35.png" target="_blank" >[ScreenShot]</a></div>&emsp;]]>
    </line>
    <line>
      <![CDATA[<div class="test-result"><br><font color="green"><strong> Test Passed.  </strong></font> </div>&emsp;]]>
    </line>
    <line>
      <![CDATA[<div class="test-result"><br><font color="green"><strong> Validation 1: Validated Facebook Icon! </strong></font> <a href=".\ScreenShot\tc010_34.png" target="_blank" >[ScreenShot]</a></div>&emsp;]]>
    </line>
    <line>
      <![CDATA[<div class="test-event"> <font color="maroon"> <small> &emsp; &emsp;--- 21 Apr 16:49:10 246 - Element is displayed:: [[RemoteWebDriver: chrome on XP (4efc763e-e5f9-4ed1-95a1-9eafd8ce95d7)] -> css selector: i[class='fa fa-twitter fa-stack-1x fa-inverse']]</small> </font> </div>]]>
    </line>
    <line>
      <![CDATA[<div class="test-event"> <font color="maroon"> <small> &emsp; &emsp;--- 21 Apr 16:49:10 285 - <b>0</b> - Validating Twitter Icon... - com.nbc.pages.ArticlePage.validateTwitterIcon(ArticlePage.java:147)</small> </font> </div>]]>
    </line>
    <line>
      <![CDATA[<div class="test-result"><br><font color="green"><strong> Validation 2: Validated Twitter Icon! </strong></font> <a href=".\ScreenShot\tc010_36.png" target="_blank" >[ScreenShot]</a></div>&emsp;]]>
    </line>
    <line>
      <![CDATA[<div class="test-event"> <font color="maroon"> <small> &emsp; &emsp;--- 21 Apr 16:49:11 162 - Element is displayed:: [[RemoteWebDriver: chrome on XP (4efc763e-e5f9-4ed1-95a1-9eafd8ce95d7)] -> css selector: i[class='fa fa-comments-o fa-stack-1x fa-inverse']]</small> </font> </div>]]>
    </line>
    <line>
      <![CDATA[<div class="test-event"> <font color="maroon"> <small> &emsp; &emsp;--- 21 Apr 16:49:11 206 - <b>0</b> - Validating Comments Icon... - com.nbc.pages.ArticlePage.validateCommentsIcon(ArticlePage.java:165)</small> </font> </div>]]>
    </line>
    <line>
      <![CDATA[<div class="test-result"><br><font color="green"><strong> Validation 3: Validated Comments Icon! </strong></font> <a href=".\ScreenShot\tc010_37.png" target="_blank" >[ScreenShot]</a></div>&emsp;]]>
    </line>
    <line>
      <![CDATA[<div class="test-event"> <font color="maroon"> <small> &emsp; &emsp;--- 21 Apr 16:49:12 443 - Element is displayed:: [[RemoteWebDriver: chrome on XP (4efc763e-e5f9-4ed1-95a1-9eafd8ce95d7)] -> css selector: i[class='fa fa-envelope-o fa-stack-1x fa-inverse']]</small> </font> </div>]]>
    </line>
    <line>
      <![CDATA[<div class="test-event"> <font color="maroon"> <small> &emsp; &emsp;--- 21 Apr 16:49:12 463 - <b>0</b> - Validating Email Icon... - com.nbc.pages.ArticlePage.validateEmailIcon(ArticlePage.java:183)</small> </font> </div>]]>
    </line>
    <line>
      <![CDATA[<div class="test-result"><br><font color="green"><strong> Validation 4: Validated Email Icon! </strong></font> <a href=".\ScreenShot\tc010_38.png" target="_blank" >[ScreenShot]</a></div>&emsp;]]>
    </line>
    <line>
      <![CDATA[<div class="test-event"> <font color="maroon"> <small> &emsp; &emsp;--- 21 Apr 16:49:13 230 - Element is displayed:: [[RemoteWebDriver: chrome on XP (4efc763e-e5f9-4ed1-95a1-9eafd8ce95d7)] -> css selector: i[class='fa fa-print fa-stack-1x fa-inverse']]</small> </font> </div>]]>
    </line>
    <line>
      <![CDATA[<div class="test-event"> <font color="maroon"> <small> &emsp; &emsp;--- 21 Apr 16:49:13 256 - <b>0</b> - Validating Print Icon... - com.nbc.pages.ArticlePage.validatePrintIcon(ArticlePage.java:201)</small> </font> </div>]]>
    </line>
    <line>
      <![CDATA[<div class="test-result"><br><font color="green"><strong> Validation 5: Validated Print Icon! </strong></font> <a href=".\ScreenShot\tc010_39.png" target="_blank" >[ScreenShot]</a></div>&emsp;]]>
    </line>
    <line>
      <![CDATA[<div class="test-event"> <font color="maroon"> <small> &emsp; &emsp;--- 21 Apr 16:49:14 080 - <b>3</b> - Driver::Get - com.nbc.support.WebDriverFactory.get(WebDriverFactory.java:335)</small> </font> </div>]]>
    </line>
    <line>
      <![CDATA[&emsp;<div class="test-title"> <strong><font size = "3" color = "#000080">Article w/Advanced tagging (HTML Module).[chrome_windows || NBC-NEWYORK ]</font> </strong> </div>&emsp;<div><strong>Steps:</strong></div><!-- Report -->&emsp;]]>
    </line>
    <line>
      <![CDATA[<div class="test-event"> <font color="maroon"> <small> &emsp; &emsp;--- 21 Apr 16:49:14 213 - Page URL:: data:,</small> </font> </div>]]>
    </line>
    <line>
      <![CDATA[<div class="test-event"> <font color="maroon"> <small> &emsp; &emsp;--- 21 Apr 16:49:14 213 - <b>0</b> - Page Load Wait: (Sync) - com.nbc.support.Utils.waitForPageLoad(Utils.java:71)</small> </font> </div>]]>
    </line>
    <line>
      <![CDATA[<div class="test-result"><br><font color="green"><strong> Test Passed. </strong></font> <a href=".\ScreenShot\tc010_40.png" target="_blank" >[ScreenShot]</a></div>&emsp;]]>
    </line>
    <line>
      <![CDATA[<div class="test-result"><br><font color="green"><strong> Test Passed.  </strong></font> </div>&emsp;]]>
    </line>
    <line>
      <![CDATA[<div class="test-event"> <font color="maroon"> <small> &emsp; &emsp;--- 21 Apr 16:49:18 297 - Page URL:: https://www.nbcnewyork.com/</small> </font> </div>]]>
    </line>
    <line>
      <![CDATA[<div class="test-event"> <font color="maroon"> <small> &emsp; &emsp;--- 21 Apr 16:49:18 297 - <b>0</b> - Page Load Wait: (Sync) - com.nbc.support.Utils.waitForPageLoad(Utils.java:71)</small> </font> </div>]]>
    </line>
    <line>
      <![CDATA[<div class="test-event"> <font color="maroon"> <small> &emsp; &emsp;--- 21 Apr 16:49:18 708 - Element is displayed:: [[RemoteWebDriver: chrome on XP (d7256b8e-c6c6-4b2c-acab-9ad16587478c)] -> css selector: li[class*='News'] a[lid*='News']]</small> </font> </div>]]>
    </line>
    <line>
      <![CDATA[<div class="test-event"> <font color="maroon"> <small> &emsp; &emsp;--- 21 Apr 16:49:18 904 - Page URL:: https://www.nbcnewyork.com/</small> </font> </div>]]>
    </line>
    <line>
      <![CDATA[<div class="test-event"> <font color="maroon"> <small> &emsp; &emsp;--- 21 Apr 16:49:18 905 - <b>0</b> - Page Load Wait: (Sync) - com.nbc.support.Utils.waitForPageLoad(Utils.java:71)</small> </font> </div>]]>
    </line>
    <line>
      <![CDATA[<div class="test-event"> <font color="maroon"> <small> &emsp; &emsp;--- 21 Apr 16:49:18 942 - Page URL:: https://www.nbcnewyork.com/</small> </font> </div>]]>
    </line>
    <line>
      <![CDATA[<div class="test-event"> <font color="maroon"> <small> &emsp; &emsp;--- 21 Apr 16:49:18 943 - <b>0</b> - Page Load Wait: (Sync) - com.nbc.support.Utils.waitForPageLoad(Utils.java:71)</small> </font> </div>]]>
    </line>
    <line>
      <![CDATA[<div class="test-event"> <font color="maroon"> <small> &emsp; &emsp;--- 21 Apr 16:49:19 586 - Element is displayed:: [[RemoteWebDriver: chrome on XP (d7256b8e-c6c6-4b2c-acab-9ad16587478c)] -> css selector: li[class*='News'] a[lid*='News']]</small> </font> </div>]]>
    </line>
    <line>
      <![CDATA[<div class="test-message">&emsp;Step 1. Navigated to 'NBC-NewYork' Home Page!</div>]]>
    </line>
    <line>
      <![CDATA[<div class="test-event"> <font color="maroon"> <small> &emsp; &emsp;--- 21 Apr 16:49:32 390 - <b>12</b> - Navigated to Article with Advacne Tagging Page - com.nbc.pages.HomePage.navigateToArticleWithAdvacneTagging(HomePage.java:307)</small> </font> </div>]]>
    </line>
    <line>
      <![CDATA[<div class="test-event"> <font color="maroon"> <small> &emsp; &emsp;--- 21 Apr 16:49:32 421 - Page URL:: https://www.nbcnewyork.com/news/local/ray-rice-appeal-hearing-janay-palmer-roger-goodell-atlantic-city-nfl-domestic-abuse-281594071.html</small> </font> </div>]]>
    </line>
    <line>
      <![CDATA[<div class="test-event"> <font color="maroon"> <small> &emsp; &emsp;--- 21 Apr 16:49:32 421 - <b>0</b> - Page Load Wait: (Sync) - com.nbc.support.Utils.waitForPageLoad(Utils.java:71)</small> </font> </div>]]>
    </line>
    <line>
      <![CDATA[<div class="test-event"> <font color="maroon"> <small> &emsp; &emsp;--- 21 Apr 16:49:32 514 - Element is displayed:: [[RemoteWebDriver: chrome on XP (d7256b8e-c6c6-4b2c-acab-9ad16587478c)] -> css selector: i[class='fa fa-facebook fa-stack-1x fa-inverse']]</small> </font> </div>]]>
    </line>
    <line>
      <![CDATA[<div class="test-event"> <font color="maroon"> <small> &emsp; &emsp;--- 21 Apr 16:49:32 536 - Page URL:: https://www.nbcnewyork.com/news/local/ray-rice-appeal-hearing-janay-palmer-roger-goodell-atlantic-city-nfl-domestic-abuse-281594071.html</small> </font> </div>]]>
    </line>
    <line>
      <![CDATA[<div class="test-event"> <font color="maroon"> <small> &emsp; &emsp;--- 21 Apr 16:49:32 536 - <b>0</b> - Page Load Wait: (Sync) - com.nbc.support.Utils.waitForPageLoad(Utils.java:71)</small> </font> </div>]]>
    </line>
    <line>
      <![CDATA[<div class="test-event"> <font color="maroon"> <small> &emsp; &emsp;--- 21 Apr 16:49:32 558 - Page URL:: https://www.nbcnewyork.com/news/local/ray-rice-appeal-hearing-janay-palmer-roger-goodell-atlantic-city-nfl-domestic-abuse-281594071.html</small> </font> </div>]]>
    </line>
    <line>
      <![CDATA[<div class="test-event"> <font color="maroon"> <small> &emsp; &emsp;--- 21 Apr 16:49:32 558 - <b>0</b> - Page Load Wait: (Sync) - com.nbc.support.Utils.waitForPageLoad(Utils.java:71)</small> </font> </div>]]>
    </line>
    <line>
      <![CDATA[<div class="test-event"> <font color="maroon"> <small> &emsp; &emsp;--- 21 Apr 16:49:32 632 - Element is displayed:: [[RemoteWebDriver: chrome on XP (d7256b8e-c6c6-4b2c-acab-9ad16587478c)] -> css selector: i[class='fa fa-facebook fa-stack-1x fa-inverse']]</small> </font> </div>]]>
    </line>
    <line>
      <![CDATA[<div class="test-message">&emsp;Step 2. Navigated to Article with Advacne Tagging Page!</div>]]>
    </line>
    <line>
      <![CDATA[<div class="test-event"> <font color="maroon"> <small> &emsp; &emsp;--- 21 Apr 16:49:33 046 - <b>0</b> - Validating HTML Module... - com.nbc.pages.ArticlePage.validateHTMLModule(ArticlePage.java:224)</small> </font> </div>]]>
    </line>
    <line>
      <![CDATA[<div class="test-result"><br><font color="green"><strong> Validation 1: Validated HTML Module! </strong></font> <a href=".\ScreenShot\tc011_41.png" target="_blank" >[ScreenShot]</a></div>&emsp;]]>
    </line>
    <line>
      <![CDATA[<div class="test-event"> <font color="maroon"> <small> &emsp; &emsp;--- 21 Apr 16:49:33 820 - <b>0</b> - Validating HTML Module - ToolBar... - com.nbc.pages.ArticlePage.validateHTMLModule_Toolbar(ArticlePage.java:254)</small> </font> </div>]]>
    </line>
    <line>
      <![CDATA[<div class="test-result"><br><font color="green"><strong> Validation 2: Validated HTML Module Tool bar - Back Home, Zoom-In and Zoom-Out! </strong></font> <a href=".\ScreenShot\tc011_42.png" target="_blank" >[ScreenShot]</a></div>&emsp;]]>
    </line>
    <line>
      <![CDATA[<div class="test-event"> <font color="maroon"> <small> &emsp; &emsp;--- 21 Apr 16:49:34 394 - <b>0</b> - Validating HTML Module - Time Navigation... - com.nbc.pages.ArticlePage.validateHTMLModule_TimeNavigation(ArticlePage.java:280)</small> </font> </div>]]>
    </line>
    <line>
      <![CDATA[<div class="test-result"><br><font color="green"><strong> Validation 3: Validated HTML Module Time Nav - Time Nav Indicator and Time Nav Interval! </strong></font> <a href=".\ScreenShot\tc011_43.png" target="_blank" >[ScreenShot]</a></div>&emsp;]]>
    </line>
    <line>
      <![CDATA[<div class="test-event"> <font color="maroon"> <small> &emsp; &emsp;--- 21 Apr 16:49:34 910 - <b>0</b> - Validating HTML Module... - com.nbc.pages.ArticlePage.validateHTMLModuleSlideContainer(ArticlePage.java:303)</small> </font> </div>]]>
    </line>
    <line>
      <![CDATA[<div class="test-result"><br><font color="green"><strong> Validation 4: Validated HTML Module Slide Container! </strong></font> <a href=".\ScreenShot\tc011_44.png" target="_blank" >[ScreenShot]</a></div>&emsp;]]>
    </line>
    <line>
      <![CDATA[<div class="test-result"><br><font color="green"><strong> Test Passed. </strong></font> <a href=".\ScreenShot\tc011_45.png" target="_blank" >[ScreenShot]</a></div>&emsp;]]>
    </line>
    <line>
      <![CDATA[<div class="test-result"><br><font color="green"><strong> Test Passed.  </strong></font> </div>&emsp;]]>
    </line>
  </reporter-output>
  <suite name="NBC_PoC" duration-ms="206211" started-at="2018-04-21T15:46:10Z" finished-at="2018-04-21T15:49:36Z">
    <groups>
    </groups>
    <test name="NBC_PoC_JAVA" duration-ms="206211" started-at="2018-04-21T15:46:10Z" finished-at="2018-04-21T15:49:36Z">
      <class name="com.nbc.testscripts.demo.NBC_Demo">
        <test-method status="PASS" signature="beforeSuite()[pri:0, instance:com.nbc.testscripts.demo.NBC_Demo@3c0f93f1]" name="beforeSuite" is-config="true" duration-ms="202" started-at="2018-04-21T15:46:10Z" finished-at="2018-04-21T15:46:10Z">
          <reporter-output>
          </reporter-output>
        </test-method> <!-- beforeSuite -->
        <test-method status="PASS" signature="beforeMethod()[pri:0, instance:com.nbc.testscripts.demo.NBC_Demo@3c0f93f1]" name="beforeMethod" is-config="true" duration-ms="0" started-at="2018-04-21T15:46:10Z" finished-at="2018-04-21T15:46:10Z">
          <reporter-output>
          </reporter-output>
        </test-method> <!-- beforeMethod -->
        <test-method status="PASS" signature="beforeMethod()[pri:0, instance:com.nbc.testscripts.demo.NBC_Demo@3c0f93f1]" name="beforeMethod" is-config="true" duration-ms="0" started-at="2018-04-21T15:46:10Z" finished-at="2018-04-21T15:46:10Z">
          <reporter-output>
          </reporter-output>
        </test-method> <!-- beforeMethod -->
        <test-method status="PASS" signature="tc002(java.lang.String, java.lang.String)[pri:0, instance:com.nbc.testscripts.demo.NBC_Demo@3c0f93f1]" name="tc002" duration-ms="51047" started-at="2018-04-21T15:46:14Z" data-provider="multiBrowserWebsites" finished-at="2018-04-21T15:47:05Z">
          <params>
            <param index="0">
              <value>
                <![CDATA[(Browser: chrome, Hub: DESKTOP-ES8HU3L, Node: 192.168.0.12), chrome_XP]]>
              </value>
            </param>
            <param index="1">
              <value>
                <![CDATA[http://www.nbcnewyork.com_NBC-NewYork]]>
              </value>
[...]
            </line>
            <line>
              <![CDATA[<div class="test-event"> <font color="maroon"> <small> &emsp; &emsp;--- 21 Apr 16:49:09 054 - Element is displayed:: [[RemoteWebDriver: chrome on XP (4efc763e-e5f9-4ed1-95a1-9eafd8ce95d7)] -> css selector: i[class='fa fa-facebook fa-stack-1x fa-inverse']]</small> </font> </div>]]>
            </line>
            <line>
              <![CDATA[<div class="test-event"> <font color="maroon"> <small> &emsp; &emsp;--- 21 Apr 16:49:09 076 - <b>0</b> - Validating Facebook Icon... - com.nbc.pages.ArticlePage.validateFacebookIcon(ArticlePage.java:129)</small> </font> </div>]]>
            </line>
            <line>
              <![CDATA[<div class="test-result"><br><font color="green"><strong> Validation 1: Validated Facebook Icon! </strong></font> <a href=".\ScreenShot\tc010_34.png" target="_blank" >[ScreenShot]</a></div>&emsp;]]>
            </line>
            <line>
              <![CDATA[<div class="test-event"> <font color="maroon"> <small> &emsp; &emsp;--- 21 Apr 16:49:10 246 - Element is displayed:: [[RemoteWebDriver: chrome on XP (4efc763e-e5f9-4ed1-95a1-9eafd8ce95d7)] -> css selector: i[class='fa fa-twitter fa-stack-1x fa-inverse']]</small> </font> </div>]]>
            </line>
            <line>
              <![CDATA[<div class="test-event"> <font color="maroon"> <small> &emsp; &emsp;--- 21 Apr 16:49:10 285 - <b>0</b> - Validating Twitter Icon... - com.nbc.pages.ArticlePage.validateTwitterIcon(ArticlePage.java:147)</small> </font> </div>]]>
            </line>
            <line>
              <![CDATA[<div class="test-result"><br><font color="green"><strong> Validation 2: Validated Twitter Icon! </strong></font> <a href=".\ScreenShot\tc010_36.png" target="_blank" >[ScreenShot]</a></div>&emsp;]]>
            </line>
            <line>
              <![CDATA[<div class="test-event"> <font color="maroon"> <small> &emsp; &emsp;--- 21 Apr 16:49:11 162 - Element is displayed:: [[RemoteWebDriver: chrome on XP (4efc763e-e5f9-4ed1-95a1-9eafd8ce95d7)] -> css selector: i[class='fa fa-comments-o fa-stack-1x fa-inverse']]</small> </font> </div>]]>
            </line>
            <line>
              <![CDATA[<div class="test-event"> <font color="maroon"> <small> &emsp; &emsp;--- 21 Apr 16:49:11 206 - <b>0</b> - Validating Comments Icon... - com.nbc.pages.ArticlePage.validateCommentsIcon(ArticlePage.java:165)</small> </font> </div>]]>
            </line>
            <line>
              <![CDATA[<div class="test-result"><br><font color="green"><strong> Validation 3: Validated Comments Icon! </strong></font> <a href=".\ScreenShot\tc010_37.png" target="_blank" >[ScreenShot]</a></div>&emsp;]]>
            </line>
            <line>
              <![CDATA[<div class="test-event"> <font color="maroon"> <small> &emsp; &emsp;--- 21 Apr 16:49:12 443 - Element is displayed:: [[RemoteWebDriver: chrome on XP (4efc763e-e5f9-4ed1-95a1-9eafd8ce95d7)] -> css selector: i[class='fa fa-envelope-o fa-stack-1x fa-inverse']]</small> </font> </div>]]>
            </line>
            <line>
              <![CDATA[<div class="test-event"> <font color="maroon"> <small> &emsp; &emsp;--- 21 Apr 16:49:12 463 - <b>0</b> - Validating Email Icon... - com.nbc.pages.ArticlePage.validateEmailIcon(ArticlePage.java:183)</small> </font> </div>]]>
            </line>
            <line>
              <![CDATA[<div class="test-result"><br><font color="green"><strong> Validation 4: Validated Email Icon! </strong></font> <a href=".\ScreenShot\tc010_38.png" target="_blank" >[ScreenShot]</a></div>&emsp;]]>
            </line>
            <line>
              <![CDATA[<div class="test-event"> <font color="maroon"> <small> &emsp; &emsp;--- 21 Apr 16:49:13 230 - Element is displayed:: [[RemoteWebDriver: chrome on XP (4efc763e-e5f9-4ed1-95a1-9eafd8ce95d7)] -> css selector: i[class='fa fa-print fa-stack-1x fa-inverse']]</small> </font> </div>]]>
            </line>
            <line>
              <![CDATA[<div class="test-event"> <font color="maroon"> <small> &emsp; &emsp;--- 21 Apr 16:49:13 256 - <b>0</b> - Validating Print Icon... - com.nbc.pages.ArticlePage.validatePrintIcon(ArticlePage.java:201)</small> </font> </div>]]>
            </line>
            <line>
              <![CDATA[<div class="test-result"><br><font color="green"><strong> Validation 5: Validated Print Icon! </strong></font> <a href=".\ScreenShot\tc010_39.png" target="_blank" >[ScreenShot]</a></div>&emsp;]]>
            </line>
            <line>
              <![CDATA[<div class="test-result"><br><font color="green"><strong> Test Passed. </strong></font> <a href=".\ScreenShot\tc010_40.png" target="_blank" >[ScreenShot]</a></div>&emsp;]]>
            </line>
            <line>
              <![CDATA[<div class="test-result"><br><font color="green"><strong> Test Passed.  </strong></font> </div>&emsp;]]>
            </line>
          </reporter-output>
        </test-method> <!-- tc010 -->
        <test-method status="PASS" signature="tearDown(org.testng.ITestResult)[pri:0, instance:com.nbc.testscripts.demo.NBC_Demo@3c0f93f1]" name="tearDown" is-config="true" duration-ms="2" started-at="2018-04-21T15:49:10Z" finished-at="2018-04-21T15:49:10Z">
          <params>
            <param index="0">
              <value>
                <![CDATA[[TestResult name=tc009 status=SUCCESS method=NBC_Demo.tc009(java.lang.String, java.lang.String)[pri:0, instance:com.nbc.testscripts.demo.NBC_Demo@3c0f93f1] output=<div class="test-event"> <font color="maroon"> <small> &emsp; &emsp;--- 21 Apr 16:48:46 098 - <b>3</b> - Driver::Get - com.nbc.support.WebDriverFactory.get(WebDriverFactory.java:335)</small> </font> </div>]]]>
              </value>
            </param>
          </params>
          <reporter-output>
          </reporter-output>
        </test-method> <!-- tearDown -->
        <test-method status="PASS" signature="afterMethod(org.testng.ITestContext)[pri:0, instance:com.nbc.testscripts.demo.NBC_Demo@3c0f93f1]" name="afterMethod" is-config="true" duration-ms="0" started-at="2018-04-21T15:49:10Z" finished-at="2018-04-21T15:49:10Z">
          <params>
            <param index="0">
              <value>
                <![CDATA[org.testng.TestRunner@1e9e725a]]>
              </value>
            </param>
          </params>
          <reporter-output>
          </reporter-output>
        </test-method> <!-- afterMethod -->
        <test-method status="PASS" signature="beforeMethod()[pri:0, instance:com.nbc.testscripts.demo.NBC_Demo@3c0f93f1]" name="beforeMethod" is-config="true" duration-ms="0" started-at="2018-04-21T15:49:10Z" finished-at="2018-04-21T15:49:10Z">
          <reporter-output>
          </reporter-output>
        </test-method> <!-- beforeMethod -->
        <test-method status="PASS" signature="tc011(java.lang.String, java.lang.String)[pri:0, instance:com.nbc.testscripts.demo.NBC_Demo@3c0f93f1]" name="tc011" duration-ms="22685" started-at="2018-04-21T15:49:14Z" data-provider="multiBrowserWebsites" finished-at="2018-04-21T15:49:36Z">
          <params>
            <param index="0">
              <value>
                <![CDATA[(Browser: chrome, Hub: DESKTOP-ES8HU3L, Node: 192.168.0.12), chrome_XP]]>
              </value>
            </param>
            <param index="1">
              <value>
                <![CDATA[http://www.nbcnewyork.com_NBC-NewYork]]>
              </value>
            </param>
          </params>
          <reporter-output>
            <line>
              <![CDATA[<div class="test-event"> <font color="maroon"> <small> &emsp; &emsp;--- 21 Apr 16:49:14 080 - <b>3</b> - Driver::Get - com.nbc.support.WebDriverFactory.get(WebDriverFactory.java:335)</small> </font> </div>]]>
            </line>
            <line>
              <![CDATA[&emsp;<div class="test-title"> <strong><font size = "3" color = "#000080">Article w/Advanced tagging (HTML Module).[chrome_windows || NBC-NEWYORK ]</font> </strong> </div>&emsp;<div><strong>Steps:</strong></div><!-- Report -->&emsp;]]>
            </line>
            <line>
              <![CDATA[<div class="test-event"> <font color="maroon"> <small> &emsp; &emsp;--- 21 Apr 16:49:14 213 - Page URL:: data:,</small> </font> </div>]]>
            </line>
            <line>
              <![CDATA[<div class="test-event"> <font color="maroon"> <small> &emsp; &emsp;--- 21 Apr 16:49:14 213 - <b>0</b> - Page Load Wait: (Sync) - com.nbc.support.Utils.waitForPageLoad(Utils.java:71)</small> </font> </div>]]>
            </line>
            <line>
              <![CDATA[<div class="test-event"> <font color="maroon"> <small> &emsp; &emsp;--- 21 Apr 16:49:18 297 - Page URL:: https://www.nbcnewyork.com/</small> </font> </div>]]>
            </line>
            <line>
              <![CDATA[<div class="test-event"> <font color="maroon"> <small> &emsp; &emsp;--- 21 Apr 16:49:18 297 - <b>0</b> - Page Load Wait: (Sync) - com.nbc.support.Utils.waitForPageLoad(Utils.java:71)</small> </font> </div>]]>
            </line>
            <line>
              <![CDATA[<div class="test-event"> <font color="maroon"> <small> &emsp; &emsp;--- 21 Apr 16:49:18 708 - Element is displayed:: [[RemoteWebDriver: chrome on XP (d7256b8e-c6c6-4b2c-acab-9ad16587478c)] -> css selector: li[class*='News'] a[lid*='News']]</small> </font> </div>]]>
            </line>
            <line>
              <![CDATA[<div class="test-event"> <font color="maroon"> <small> &emsp; &emsp;--- 21 Apr 16:49:18 904 - Page URL:: https://www.nbcnewyork.com/</small> </font> </div>]]>
            </line>
            <line>
              <![CDATA[<div class="test-event"> <font color="maroon"> <small> &emsp; &emsp;--- 21 Apr 16:49:18 905 - <b>0</b> - Page Load Wait: (Sync) - com.nbc.support.Utils.waitForPageLoad(Utils.java:71)</small> </font> </div>]]>
            </line>
            <line>
              <![CDATA[<div class="test-event"> <font color="maroon"> <small> &emsp; &emsp;--- 21 Apr 16:49:18 942 - Page URL:: https://www.nbcnewyork.com/</small> </font> </div>]]>
            </line>
            <line>
              <![CDATA[<div class="test-event"> <font color="maroon"> <small> &emsp; &emsp;--- 21 Apr 16:49:18 943 - <b>0</b> - Page Load Wait: (Sync) - com.nbc.support.Utils.waitForPageLoad(Utils.java:71)</small> </font> </div>]]>
            </line>
            <line>
              <![CDATA[<div class="test-event"> <font color="maroon"> <small> &emsp; &emsp;--- 21 Apr 16:49:19 586 - Element is displayed:: [[RemoteWebDriver: chrome on XP (d7256b8e-c6c6-4b2c-acab-9ad16587478c)] -> css selector: li[class*='News'] a[lid*='News']]</small> </font> </div>]]>
            </line>
            <line>
              <![CDATA[<div class="test-message">&emsp;Step 1. Navigated to 'NBC-NewYork' Home Page!</div>]]>
            </line>
            <line>
              <![CDATA[<div class="test-event"> <font color="maroon"> <small> &emsp; &emsp;--- 21 Apr 16:49:32 390 - <b>12</b> - Navigated to Article with Advacne Tagging Page - com.nbc.pages.HomePage.navigateToArticleWithAdvacneTagging(HomePage.java:307)</small> </font> </div>]]>
            </line>
            <line>
              <![CDATA[<div class="test-event"> <font color="maroon"> <small> &emsp; &emsp;--- 21 Apr 16:49:32 421 - Page URL:: https://www.nbcnewyork.com/news/local/ray-rice-appeal-hearing-janay-palmer-roger-goodell-atlantic-city-nfl-domestic-abuse-281594071.html</small> </font> </div>]]>
            </line>
            <line>
              <![CDATA[<div class="test-event"> <font color="maroon"> <small> &emsp; &emsp;--- 21 Apr 16:49:32 421 - <b>0</b> - Page Load Wait: (Sync) - com.nbc.support.Utils.waitForPageLoad(Utils.java:71)</small> </font> </div>]]>
            </line>
            <line>
              <![CDATA[<div class="test-event"> <font color="maroon"> <small> &emsp; &emsp;--- 21 Apr 16:49:32 514 - Element is displayed:: [[RemoteWebDriver: chrome on XP (d7256b8e-c6c6-4b2c-acab-9ad16587478c)] -> css selector: i[class='fa fa-facebook fa-stack-1x fa-inverse']]</small> </font> </div>]]>
            </line>
            <line>
              <![CDATA[<div class="test-event"> <font color="maroon"> <small> &emsp; &emsp;--- 21 Apr 16:49:32 536 - Page URL:: https://www.nbcnewyork.com/news/local/ray-rice-appeal-hearing-janay-palmer-roger-goodell-atlantic-city-nfl-domestic-abuse-281594071.html</small> </font> </div>]]>
            </line>
            <line>
              <![CDATA[<div class="test-event"> <font color="maroon"> <small> &emsp; &emsp;--- 21 Apr 16:49:32 536 - <b>0</b> - Page Load Wait: (Sync) - com.nbc.support.Utils.waitForPageLoad(Utils.java:71)</small> </font> </div>]]>
            </line>
            <line>
              <![CDATA[<div class="test-event"> <font color="maroon"> <small> &emsp; &emsp;--- 21 Apr 16:49:32 558 - Page URL:: https://www.nbcnewyork.com/news/local/ray-rice-appeal-hearing-janay-palmer-roger-goodell-atlantic-city-nfl-domestic-abuse-281594071.html</small> </font> </div>]]>
            </line>
            <line>
              <![CDATA[<div class="test-event"> <font color="maroon"> <small> &emsp; &emsp;--- 21 Apr 16:49:32 558 - <b>0</b> - Page Load Wait: (Sync) - com.nbc.support.Utils.waitForPageLoad(Utils.java:71)</small> </font> </div>]]>
            </line>
            <line>
              <![CDATA[<div class="test-event"> <font color="maroon"> <small> &emsp; &emsp;--- 21 Apr 16:49:32 632 - Element is displayed:: [[RemoteWebDriver: chrome on XP (d7256b8e-c6c6-4b2c-acab-9ad16587478c)] -> css selector: i[class='fa fa-facebook fa-stack-1x fa-inverse']]</small> </font> </div>]]>
            </line>
            <line>
              <![CDATA[<div class="test-message">&emsp;Step 2. Navigated to Article with Advacne Tagging Page!</div>]]>
            </line>
            <line>
              <![CDATA[<div class="test-event"> <font color="maroon"> <small> &emsp; &emsp;--- 21 Apr 16:49:33 046 - <b>0</b> - Validating HTML Module... - com.nbc.pages.ArticlePage.validateHTMLModule(ArticlePage.java:224)</small> </font> </div>]]>
            </line>
            <line>
              <![CDATA[<div class="test-result"><br><font color="green"><strong> Validation 1: Validated HTML Module! </strong></font> <a href=".\ScreenShot\tc011_41.png" target="_blank" >[ScreenShot]</a></div>&emsp;]]>
            </line>
            <line>
              <![CDATA[<div class="test-event"> <font color="maroon"> <small> &emsp; &emsp;--- 21 Apr 16:49:33 820 - <b>0</b> - Validating HTML Module - ToolBar... - com.nbc.pages.ArticlePage.validateHTMLModule_Toolbar(ArticlePage.java:254)</small> </font> </div>]]>
            </line>
            <line>
              <![CDATA[<div class="test-result"><br><font color="green"><strong> Validation 2: Validated HTML Module Tool bar - Back Home, Zoom-In and Zoom-Out! </strong></font> <a href=".\ScreenShot\tc011_42.png" target="_blank" >[ScreenShot]</a></div>&emsp;]]>
            </line>
            <line>
              <![CDATA[<div class="test-event"> <font color="maroon"> <small> &emsp; &emsp;--- 21 Apr 16:49:34 394 - <b>0</b> - Validating HTML Module - Time Navigation... - com.nbc.pages.ArticlePage.validateHTMLModule_TimeNavigation(ArticlePage.java:280)</small> </font> </div>]]>
            </line>
            <line>
              <![CDATA[<div class="test-result"><br><font color="green"><strong> Validation 3: Validated HTML Module Time Nav - Time Nav Indicator and Time Nav Interval! </strong></font> <a href=".\ScreenShot\tc011_43.png" target="_blank" >[ScreenShot]</a></div>&emsp;]]>
            </line>
            <line>
              <![CDATA[<div class="test-event"> <font color="maroon"> <small> &emsp; &emsp;--- 21 Apr 16:49:34 910 - <b>0</b> - Validating HTML Module... - com.nbc.pages.ArticlePage.validateHTMLModuleSlideContainer(ArticlePage.java:303)</small> </font> </div>]]>
            </line>
            <line>
              <![CDATA[<div class="test-result"><br><font color="green"><strong> Validation 4: Validated HTML Module Slide Container! </strong></font> <a href=".\ScreenShot\tc011_44.png" target="_blank" >[ScreenShot]</a></div>&emsp;]]>
            </line>
            <line>
              <![CDATA[<div class="test-result"><br><font color="green"><strong> Test Passed. </strong></font> <a href=".\ScreenShot\tc011_45.png" target="_blank" >[ScreenShot]</a></div>&emsp;]]>
            </line>
            <line>
              <![CDATA[<div class="test-result"><br><font color="green"><strong> Test Passed.  </strong></font> </div>&emsp;]]>
            </line>
          </reporter-output>
        </test-method> <!-- tc011 -->
        <test-method status="PASS" signature="tearDown(org.testng.ITestResult)[pri:0, instance:com.nbc.testscripts.demo.NBC_Demo@3c0f93f1]" name="tearDown" is-config="true" duration-ms="2" started-at="2018-04-21T15:49:16Z" finished-at="2018-04-21T15:49:16Z">
          <params>
            <param index="0">
              <value>
                <![CDATA[[TestResult name=tc010 status=SUCCESS method=NBC_Demo.tc010(java.lang.String, java.lang.String)[pri:0, instance:com.nbc.testscripts.demo.NBC_Demo@3c0f93f1] output=<div class="test-event"> <font color="maroon"> <small> &emsp; &emsp;--- 21 Apr 16:48:46 840 - <b>3</b> - Driver::Get - com.nbc.support.WebDriverFactory.get(WebDriverFactory.java:335)</small> </font> </div>]]]>
              </value>
            </param>
          </params>
          <reporter-output>
          </reporter-output>
        </test-method> <!-- tearDown -->
        <test-method status="PASS" signature="afterMethod(org.testng.ITestContext)[pri:0, instance:com.nbc.testscripts.demo.NBC_Demo@3c0f93f1]" name="afterMethod" is-config="true" duration-ms="0" started-at="2018-04-21T15:49:16Z" finished-at="2018-04-21T15:49:16Z">
          <params>
            <param index="0">
              <value>
                <![CDATA[org.testng.TestRunner@1e9e725a]]>
              </value>
            </param>
          </params>
          <reporter-output>
          </reporter-output>
        </test-method> <!-- afterMethod -->
        <test-method status="PASS" signature="tearDown(org.testng.ITestResult)[pri:0, instance:com.nbc.testscripts.demo.NBC_Demo@3c0f93f1]" name="tearDown" is-config="true" duration-ms="1" started-at="2018-04-21T15:49:36Z" finished-at="2018-04-21T15:49:36Z">
          <params>
            <param index="0">
              <value>
                <![CDATA[[TestResult name=tc011 status=SUCCESS method=NBC_Demo.tc011(java.lang.String, java.lang.String)[pri:0, instance:com.nbc.testscripts.demo.NBC_Demo@3c0f93f1] output=<div class="test-event"> <font color="maroon"> <small> &emsp; &emsp;--- 21 Apr 16:49:14 080 - <b>3</b> - Driver::Get - com.nbc.support.WebDriverFactory.get(WebDriverFactory.java:335)</small> </font> </div>]]]>
              </value>
            </param>
          </params>
          <reporter-output>
          </reporter-output>
        </test-method> <!-- tearDown -->
        <test-method status="PASS" signature="afterMethod(org.testng.ITestContext)[pri:0, instance:com.nbc.testscripts.demo.NBC_Demo@3c0f93f1]" name="afterMethod" is-config="true" duration-ms="0" started-at="2018-04-21T15:49:36Z" finished-at="2018-04-21T15:49:36Z">
          <params>
            <param index="0">
              <value>
                <![CDATA[org.testng.TestRunner@1e9e725a]]>
              </value>
            </param>
          </params>
          <reporter-output>
          </reporter-output>
        </test-method> <!-- afterMethod -->
        <test-method status="PASS" signature="afterSuite()[pri:0, instance:com.nbc.testscripts.demo.NBC_Demo@3c0f93f1]" name="afterSuite" is-config="true" duration-ms="276" started-at="2018-04-21T15:49:36Z" finished-at="2018-04-21T15:49:37Z">
          <reporter-output>
          </reporter-output>
        </test-method> <!-- afterSuite -->
      </class> <!-- com.nbc.testscripts.demo.NBC_Demo -->
    </test> <!-- NBC_PoC_JAVA -->
  </suite> <!-- NBC_PoC -->
</testng-results>
